<!DOCTYPE html PUBLIC "-//W3C//DTD XHTML 1.1//EN" "https://www.w3.org/TR/xhtml11/DTD/xhtml11.dtd">
<html xmlns="https://www.w3.org/1999/xhtml">
<head>
<meta http-equiv="content-type" content="text/html; charset=UTF-8"/>
<title>TestNG Report</title>
<style type="text/css">table {margin-bottom:10px;border-collapse:collapse;empty-cells:show}th,td {border:1px solid #009;padding:.25em .5em}th {vertical-align:bottom}td {vertical-align:top}table a {font-weight:bold}.stripe td {background-color: #E6EBF9}.num {text-align:right}.passedodd td {background-color: #3F3}.passedeven td {background-color: #0A0}.skippedodd td {background-color: #DDD}.skippedeven td {background-color: #CCC}.failedodd td,.attn {background-color: #F33}.failedeven td,.stripe .attn {background-color: #D00}.stacktrace {white-space:pre;font-family:monospace}.totop {font-size:85%;text-align:center;border-bottom:2px solid #000}.invisible {display:none}</style>
</head>
<body>
<table>
<tr><th>Test</th><th># Passed</th><th># Skipped</th><th># Retried</th><th># Failed</th><th>Time (ms)</th><th>Included Groups</th><th>Excluded Groups</th></tr>
<tr><th colspan="8">PIM Automation</th></tr>
<tr><td><a href="#t0">Prerequisite Test</a></td><td class="num">2</td><td class="num">0</td><td class="num">0</td><td class="num attn">7</td><td class="num">1,644,739</td><td></td><td></td></tr>
</table>
<table id='summary'><thead><tr><th>Class</th><th>Method</th><th>Start</th><th>Time (ms)</th></tr></thead><tbody><tr><th colspan="4">PIM Automation</th></tr></tbody><tbody id="t0"><tr><th colspan="4">Prerequisite Test &#8212; failed</th></tr><tr class="failedeven"><td rowspan="3">com.pim.tests.catalogtests.DentalCatalogTest</td><td><a href="#m0">verify_rule_driven_for_dental_division</a></td><td rowspan="3">1750055382850</td><td rowspan="3">588127</td></tr><tr class="failedeven"><td><a href="#m1">verify_rule_driven_for_dental_division</a></td></tr><tr class="failedeven"><td><a href="#m2">verify_rule_driven_for_dental_division</a></td></tr><tr class="failedodd"><td rowspan="3">com.pim.tests.localAttribute.LocalAttributeTest</td><td><a href="#m3">verify_localAttribute_changes_For_Medical_Item_updated_In_RespectiveTable</a></td><td rowspan="1">1750054335873</td><td rowspan="1">263838</td></tr><tr class="failedodd"><td><a href="#m4">verify_localAttribute_changes_For_SpecialMarketItem_updated_In_RespectiveTable_Item</a></td><td rowspan="1">1750054335796</td><td rowspan="1">262865</td></tr><tr class="failedodd"><td><a href="#m5">verify_localAttribute_changes_For_ZahnItem_updated_In_RespectiveTable</a></td><td rowspan="1">1750054524138</td><td rowspan="1">202731</td></tr><tr class="failedeven"><td rowspan="1">com.pim.tests.webDescriptionTests.GEP_WebDescriptionTest</td><td><a href="#m6">updationOfGEPWebDescriptionAfterUpdationOfLocalAttributeParameterForUS</a></td><td rowspan="1">1750054606248</td><td rowspan="1">183962</td></tr><tr><th colspan="4">Prerequisite Test &#8212; passed</th></tr><tr class="passedeven"><td rowspan="1">com.pim.tests.catalogtests.DentalCatalogTest</td><td><a href="#m7">verify_all_catalog_tabs_and_exception_list_for_dental_division</a></td><td rowspan="1">1750054732218</td><td rowspan="1">217985</td></tr><tr class="passedodd"><td rowspan="1">com.pim.tests.localAttribute.LocalAttributeTest</td><td><a href="#m8">verify_localAttribute_changes_For_DentalItem_updated_In_RespectiveTable</a></td><td rowspan="1">1750054335903</td><td rowspan="1">181062</td></tr></tbody>
</table>
<h2>Prerequisite Test</h2><h3 id="m0">com.pim.tests.catalogtests.DentalCatalogTest#verify_rule_driven_for_dental_division</h3><table class="result"><tr class="param"><th>Parameter #1</th></tr><tr class="param stripe"><td>{Status=OK, ItemStatus=Active, userDriven=DENTAL, RuleDriven=XDENTAL, ItemType=Items in US Catalog, AllCatalogtab=All Catalogs, Qualitystatustab=Quality status, TestCaseName=verify_rule_driven_for_dental_division, specialMarketCatalog=N/A, MasterCatalog=Master catalog, ReferenceType=None, CatalogType=US Catalog, ItemNumber=1000006, Qualitystatus=Catalog Rules, CatalogEntityRule=Global_Item_Message,Owner_Publish_Date_Change_Rule,Substitute_Exception_Rule,SubstitutionRule_Dental,SubstitutionRule_Medical,SubstitutionRule_SM,SubstitutionRule_Zahn,Consolidated_WebCatalog_Assignment_Dental,Consolidated_WebCatalog_Assignment_Medical,Consolidated_WebCatalog_Assignment_SM,Consolidated_WebCatalog_Assignment_Zahn,Divisional_Exception_Rule,Catalog_Copy_Rule,Assign_RuleDrivenCatalog_Dental,Assign_RuleDrivencatalog_Medical,Assign_RuleDrivencatalog_Zahn,Divisional_Item_Rule, Remarks=N/A, medicalCatalog=N/A, TabName=Dental Catalog, PublishFlag=N/A, ReferenceTab=None}</td></tr><tr><th>Exception</th></tr><tr><td><div class="stacktrace">java.lang.AssertionError: 
Expecting ArrayList:
  []
to contain:
  [&quot;Global_Item_Message&quot;]
but could not find the following element(s):
  [&quot;Global_Item_Message&quot;]

	at com.pim.tests.catalogtests.DentalCatalogTest.verify_rule_driven_for_dental_division(DentalCatalogTest.java:86)
	at java.base/java.util.concurrent.ThreadPoolExecutor.runWorker(ThreadPoolExecutor.java:1144)
	at java.base/java.util.concurrent.ThreadPoolExecutor$Worker.run(ThreadPoolExecutor.java:642)
	at java.base/java.lang.Thread.run(Thread.java:1582)
... Removed 10 stack frames</div></td></tr></table><p class="totop"><a href="#summary">back to summary</a></p>
<h3 id="m1">com.pim.tests.catalogtests.DentalCatalogTest#verify_rule_driven_for_dental_division</h3><table class="result"><tr class="param"><th>Parameter #1</th></tr><tr class="param stripe"><td>{Status=OK, ItemStatus=Active, userDriven=DENTAL,NSIC, RuleDriven=DEN_FSC, ItemType=Items in US Catalog, AllCatalogtab=All Catalogs, Qualitystatustab=Quality status, TestCaseName=verify_rule_driven_for_dental_division, specialMarketCatalog=N/A, MasterCatalog=Master catalog, ReferenceType=None, CatalogType=US Catalog, ItemNumber=1000024, Qualitystatus=Catalog Rules, CatalogEntityRule=Global_Item_Message,Owner_Publish_Date_Change_Rule,Substitute_Exception_Rule,SubstitutionRule_Dental,SubstitutionRule_Medical,SubstitutionRule_SM,SubstitutionRule_Zahn,Consolidated_WebCatalog_Assignment_Dental,Consolidated_WebCatalog_Assignment_Medical,Consolidated_WebCatalog_Assignment_SM,Consolidated_WebCatalog_Assignment_Zahn,Divisional_Exception_Rule,Catalog_Copy_Rule,Assign_RuleDrivenCatalog_Dental,Assign_RuleDrivencatalog_Medical,Assign_RuleDrivencatalog_Zahn,Divisional_Item_Rule, Remarks=N/A, medicalCatalog=N/A, TabName=Dental Catalog, PublishFlag=N/A, ReferenceTab=None}</td></tr><tr><th>Exception</th></tr><tr><td><div class="stacktrace">org.openqa.selenium.TimeoutException: Expected condition failed: waiting for element to be clickable: By.xpath: //td[@class=&apos;gwt-MenuItem gwt-MenuItem-selected&apos;] (tried for 60 second(s) with 500 milliseconds interval)
	at org.openqa.selenium.support.ui.WebDriverWait.timeoutException(WebDriverWait.java:95)
	at org.openqa.selenium.support.ui.FluentWait.until(FluentWait.java:272)
	at com.pim.factories.ExplicitWaitFactory.performExplicitWait(ExplicitWaitFactory.java:23)
	at com.pim.pages.BasePage.click(BasePage.java:48)
	at com.pim.pages.CatalogTypePage.selectUserDriven(CatalogTypePage.java:101)
	at com.pim.tests.catalogtests.DentalCatalogTest.verify_rule_driven_for_dental_division(DentalCatalogTest.java:76)
	at java.base/java.util.concurrent.ThreadPoolExecutor.runWorker(ThreadPoolExecutor.java:1144)
	at java.base/java.util.concurrent.ThreadPoolExecutor$Worker.run(ThreadPoolExecutor.java:642)
	at java.base/java.lang.Thread.run(Thread.java:1582)
Caused by: org.openqa.selenium.NoSuchElementException: no such element: Unable to locate element: {&quot;method&quot;:&quot;xpath&quot;,&quot;selector&quot;:&quot;//td[@class=&apos;gwt-MenuItem gwt-MenuItem-selected&apos;]&quot;}
  (Session info: chrome=137.0.7151.104)
For documentation on this error, please visit: https://www.seleniumhq.org/exceptions/no_such_element.html
Build info: version: &apos;3.141.59&apos;, revision: &apos;e82be7d358&apos;, time: &apos;2018-11-14T08:17:03&apos;
System info: host: &apos;USNYMEQA7&apos;, ip: &apos;10.80.78.48&apos;, os.name: &apos;Windows Server 2019&apos;, os.arch: &apos;amd64&apos;, os.version: &apos;10.0&apos;, java.version: &apos;22.0.2&apos;
Driver info: org.openqa.selenium.chrome.ChromeDriver
Capabilities {acceptInsecureCerts: false, browserName: chrome, browserVersion: 137.0.7151.104, chrome: {chromedriverVersion: 136.0.7103.113 (76fa3c17824..., userDataDir: C:\Users\NISHIK~1.KUM\AppDa...}, fedcm:accounts: true, goog:chromeOptions: {debuggerAddress: localhost:55033}, javascriptEnabled: true, networkConnectionEnabled: false, pageLoadStrategy: normal, platform: WINDOWS, platformName: WINDOWS, proxy: Proxy(), setWindowRect: true, strictFileInteractability: false, timeouts: {implicit: 0, pageLoad: 300000, script: 30000}, unhandledPromptBehavior: dismiss and notify, webauthn:extension:credBlob: true, webauthn:extension:largeBlob: true, webauthn:extension:minPinLength: true, webauthn:extension:prf: true, webauthn:virtualAuthenticators: true}
Session ID: eb31e358bcda89829cbdebf61384cea1
*** Element info: {Using=xpath, value=//td[@class=&apos;gwt-MenuItem gwt-MenuItem-selected&apos;]}
	at org.openqa.selenium.remote.http.W3CHttpResponseCodec.createException(W3CHttpResponseCodec.java:187)
	at org.openqa.selenium.remote.http.W3CHttpResponseCodec.decode(W3CHttpResponseCodec.java:122)
	at org.openqa.selenium.remote.http.W3CHttpResponseCodec.decode(W3CHttpResponseCodec.java:49)
	at org.openqa.selenium.remote.HttpCommandExecutor.execute(HttpCommandExecutor.java:158)
	at org.openqa.selenium.remote.service.DriverCommandExecutor.execute(DriverCommandExecutor.java:83)
	at org.openqa.selenium.remote.RemoteWebDriver.execute(RemoteWebDriver.java:552)
	at org.openqa.selenium.remote.RemoteWebDriver.findElement(RemoteWebDriver.java:323)
	at org.openqa.selenium.remote.RemoteWebDriver.findElementByXPath(RemoteWebDriver.java:428)
	at org.openqa.selenium.By$ByXPath.findElement(By.java:353)
	at org.openqa.selenium.remote.RemoteWebDriver.findElement(RemoteWebDriver.java:315)
	at org.openqa.selenium.support.ui.ExpectedConditions$7.apply(ExpectedConditions.java:205)
	at org.openqa.selenium.support.ui.ExpectedConditions$7.apply(ExpectedConditions.java:201)
	at org.openqa.selenium.support.ui.ExpectedConditions$22.apply(ExpectedConditions.java:641)
	at org.openqa.selenium.support.ui.ExpectedConditions$22.apply(ExpectedConditions.java:638)
	at org.openqa.selenium.support.ui.FluentWait.until(FluentWait.java:249)
	... 17 more
... Removed 13 stack frames</div></td></tr></table><p class="totop"><a href="#summary">back to summary</a></p>
<h3 id="m2">com.pim.tests.catalogtests.DentalCatalogTest#verify_rule_driven_for_dental_division</h3><table class="result"><tr class="param"><th>Parameter #1</th></tr><tr class="param stripe"><td>{Status=OK, ItemStatus=Active, userDriven=NSIC, RuleDriven=XDENTAL, ItemType=Items in US Catalog, AllCatalogtab=All Catalogs, Qualitystatustab=Quality status, TestCaseName=verify_rule_driven_for_dental_division, specialMarketCatalog=N/A, MasterCatalog=Master catalog, ReferenceType=None, CatalogType=US Catalog, ItemNumber=1000011, Qualitystatus=Catalog Rules, CatalogEntityRule=Global_Item_Message,Owner_Publish_Date_Change_Rule,Substitute_Exception_Rule,SubstitutionRule_Dental,SubstitutionRule_Medical,SubstitutionRule_SM,SubstitutionRule_Zahn,Consolidated_WebCatalog_Assignment_Dental,Consolidated_WebCatalog_Assignment_Medical,Consolidated_WebCatalog_Assignment_SM,Consolidated_WebCatalog_Assignment_Zahn,Divisional_Exception_Rule,Catalog_Copy_Rule,Assign_RuleDrivenCatalog_Dental,Assign_RuleDrivencatalog_Medical,Assign_RuleDrivencatalog_Zahn,Divisional_Item_Rule, Remarks=N/A, medicalCatalog=N/A, TabName=Dental Catalog, PublishFlag=N/A, ReferenceTab=None}</td></tr><tr><th>Exception</th></tr><tr><td><div class="stacktrace">java.lang.AssertionError: 
Expecting ArrayList:
  []
to contain:
  [&quot;Global_Item_Message&quot;]
but could not find the following element(s):
  [&quot;Global_Item_Message&quot;]

	at com.pim.tests.catalogtests.DentalCatalogTest.verify_rule_driven_for_dental_division(DentalCatalogTest.java:86)
	at java.base/java.util.concurrent.ThreadPoolExecutor.runWorker(ThreadPoolExecutor.java:1144)
	at java.base/java.util.concurrent.ThreadPoolExecutor$Worker.run(ThreadPoolExecutor.java:642)
	at java.base/java.lang.Thread.run(Thread.java:1582)
... Removed 10 stack frames</div></td></tr></table><p class="totop"><a href="#summary">back to summary</a></p>
<h3 id="m3">com.pim.tests.localAttribute.LocalAttributeTest#verify_localAttribute_changes_For_Medical_Item_updated_In_RespectiveTable</h3><table class="result"><tr class="param"><th>Parameter #1</th></tr><tr class="param stripe"><td>{itemNumber=1238000, LocalAttributeLaunguageField=NA, QualityTab_StatusColoum=NA, ItemType=Items in US Catalog, LocalAttributeQuantityFieldValue=NA, TestCaseName=verify_localAttribute_changes_For_Medical_Item_updated_In_RespectiveTable, ContinueTabName=NA, productName=NA, LocalAttributeItemFieldValueWithNoContent=No content, LocalAttributeitemTypeFieldValue=4-Meta Universal, UserDriven=NA, QualityTab_StatusColoumPass=NA, itemStatus=Active, LocalAttributeRulePass=NA, saveButton=Save, Password=MSD-Technology, LocalAttributeBrandFieldValueWithNoContent=No content, LocalAttributeitemTypeFieldValueWithNoContent=No content, MasterCatalog=Master catalog, CatalogType=US Catalog, LocalAttributeBrandFieldValue=20/20, Username=kathir.ranga, LocalAttributeItemFieldValue=Accessories Pack, TabName=Local Attribute, ContinueCatalogType=NA, LocalAttributeRule=NA}</td></tr><tr><th>Exception</th></tr><tr><td><div class="stacktrace">org.openqa.selenium.TimeoutException: Expected condition failed: waiting for visibility of element located by By.xpath: //span[normalize-space()=&apos;Brand:&apos;]/ancestor::tr/td[3]//div[@class=&apos;v-label v-widget v-has-width&apos;] (tried for 60 second(s) with 500 milliseconds interval)
	at org.openqa.selenium.support.ui.WebDriverWait.timeoutException(WebDriverWait.java:95)
	at org.openqa.selenium.support.ui.FluentWait.until(FluentWait.java:272)
	at com.pim.factories.ExplicitWaitFactory.performExplicitWait(ExplicitWaitFactory.java:29)
	at com.pim.pages.BasePage.sendKeys(BasePage.java:62)
	at com.pim.pages.LocalAttributePage.brandFieldAttribute(LocalAttributePage.java:330)
	at com.pim.tests.localAttribute.LocalAttributeTest.verify_localAttribute_changes_For_Medical_Item_updated_In_RespectiveTable(LocalAttributeTest.java:574)
	at java.base/java.util.concurrent.ThreadPoolExecutor.runWorker(ThreadPoolExecutor.java:1144)
	at java.base/java.util.concurrent.ThreadPoolExecutor$Worker.run(ThreadPoolExecutor.java:642)
	at java.base/java.lang.Thread.run(Thread.java:1582)
Caused by: org.openqa.selenium.NoSuchElementException: no such element: Unable to locate element: {&quot;method&quot;:&quot;xpath&quot;,&quot;selector&quot;:&quot;//span[normalize-space()=&apos;Brand:&apos;]/ancestor::tr/td[3]//div[@class=&apos;v-label v-widget v-has-width&apos;]&quot;}
  (Session info: chrome=137.0.7151.104)
For documentation on this error, please visit: https://www.seleniumhq.org/exceptions/no_such_element.html
Build info: version: &apos;3.141.59&apos;, revision: &apos;e82be7d358&apos;, time: &apos;2018-11-14T08:17:03&apos;
System info: host: &apos;USNYMEQA7&apos;, ip: &apos;10.80.78.48&apos;, os.name: &apos;Windows Server 2019&apos;, os.arch: &apos;amd64&apos;, os.version: &apos;10.0&apos;, java.version: &apos;22.0.2&apos;
Driver info: org.openqa.selenium.chrome.ChromeDriver
Capabilities {acceptInsecureCerts: false, browserName: chrome, browserVersion: 137.0.7151.104, chrome: {chromedriverVersion: 136.0.7103.113 (76fa3c17824..., userDataDir: C:\Users\NISHIK~1.KUM\AppDa...}, fedcm:accounts: true, goog:chromeOptions: {debuggerAddress: localhost:53976}, javascriptEnabled: true, networkConnectionEnabled: false, pageLoadStrategy: normal, platform: WINDOWS, platformName: WINDOWS, proxy: Proxy(), setWindowRect: true, strictFileInteractability: false, timeouts: {implicit: 0, pageLoad: 300000, script: 30000}, unhandledPromptBehavior: dismiss and notify, webauthn:extension:credBlob: true, webauthn:extension:largeBlob: true, webauthn:extension:minPinLength: true, webauthn:extension:prf: true, webauthn:virtualAuthenticators: true}
Session ID: 0c4aa264c9dc861bde3d4610a1980aad
*** Element info: {Using=xpath, value=//span[normalize-space()=&apos;Brand:&apos;]/ancestor::tr/td[3]//div[@class=&apos;v-label v-widget v-has-width&apos;]}
	at org.openqa.selenium.remote.http.W3CHttpResponseCodec.createException(W3CHttpResponseCodec.java:187)
	at org.openqa.selenium.remote.http.W3CHttpResponseCodec.decode(W3CHttpResponseCodec.java:122)
	at org.openqa.selenium.remote.http.W3CHttpResponseCodec.decode(W3CHttpResponseCodec.java:49)
	at org.openqa.selenium.remote.HttpCommandExecutor.execute(HttpCommandExecutor.java:158)
	at org.openqa.selenium.remote.service.DriverCommandExecutor.execute(DriverCommandExecutor.java:83)
	at org.openqa.selenium.remote.RemoteWebDriver.execute(RemoteWebDriver.java:552)
	at org.openqa.selenium.remote.RemoteWebDriver.findElement(RemoteWebDriver.java:323)
	at org.openqa.selenium.remote.RemoteWebDriver.findElementByXPath(RemoteWebDriver.java:428)
	at org.openqa.selenium.By$ByXPath.findElement(By.java:353)
	at org.openqa.selenium.remote.RemoteWebDriver.findElement(RemoteWebDriver.java:315)
	at org.openqa.selenium.support.ui.ExpectedConditions$7.apply(ExpectedConditions.java:205)
	at org.openqa.selenium.support.ui.ExpectedConditions$7.apply(ExpectedConditions.java:201)
	at org.openqa.selenium.support.ui.FluentWait.until(FluentWait.java:249)
	... 17 more
... Removed 13 stack frames</div></td></tr></table><p class="totop"><a href="#summary">back to summary</a></p>
<h3 id="m4">com.pim.tests.localAttribute.LocalAttributeTest#verify_localAttribute_changes_For_SpecialMarketItem_updated_In_RespectiveTable_Item</h3><table class="result"><tr class="param"><th>Parameter #1</th></tr><tr class="param stripe"><td>{itemNumber=2532611, LocalAttributeLaunguageField=NA, QualityTab_StatusColoum=NA, ItemType=Items in US Catalog, LocalAttributeQuantityFieldValue=NA, TestCaseName=verify_localAttribute_changes_For_SpecialMarketItem_updated_In_RespectiveTable_Item, ContinueTabName=NA, productName=NA, LocalAttributeItemFieldValueWithNoContent=No content, LocalAttributeitemTypeFieldValue=10 Lead, UserDriven=NA, QualityTab_StatusColoumPass=NA, itemStatus=Active, LocalAttributeRulePass=NA, saveButton=Save, Password=MSD-Technology, LocalAttributeBrandFieldValueWithNoContent=No content, LocalAttributeitemTypeFieldValueWithNoContent=No content, MasterCatalog=Master catalog, CatalogType=US Catalog, LocalAttributeBrandFieldValue=1600 Protector, Username=kathir.ranga, LocalAttributeItemFieldValue=Adapter Cable, TabName=Local Attribute, ContinueCatalogType=NA, LocalAttributeRule=NA}</td></tr><tr><th>Exception</th></tr><tr><td><div class="stacktrace">org.openqa.selenium.TimeoutException: Expected condition failed: waiting for visibility of element located by By.xpath: //span[normalize-space()=&apos;Brand:&apos;]/ancestor::tr/td[3]//div[@class=&apos;v-label v-widget v-has-width&apos;] (tried for 60 second(s) with 500 milliseconds interval)
	at org.openqa.selenium.support.ui.WebDriverWait.timeoutException(WebDriverWait.java:95)
	at org.openqa.selenium.support.ui.FluentWait.until(FluentWait.java:272)
	at com.pim.factories.ExplicitWaitFactory.performExplicitWait(ExplicitWaitFactory.java:29)
	at com.pim.pages.BasePage.sendKeys(BasePage.java:62)
	at com.pim.pages.LocalAttributePage.brandFieldAttribute(LocalAttributePage.java:330)
	at com.pim.tests.localAttribute.LocalAttributeTest.verify_localAttribute_changes_For_SpecialMarketItem_updated_In_RespectiveTable_Item(LocalAttributeTest.java:614)
	at java.base/java.util.concurrent.ThreadPoolExecutor.runWorker(ThreadPoolExecutor.java:1144)
	at java.base/java.util.concurrent.ThreadPoolExecutor$Worker.run(ThreadPoolExecutor.java:642)
	at java.base/java.lang.Thread.run(Thread.java:1582)
Caused by: org.openqa.selenium.NoSuchElementException: no such element: Unable to locate element: {&quot;method&quot;:&quot;xpath&quot;,&quot;selector&quot;:&quot;//span[normalize-space()=&apos;Brand:&apos;]/ancestor::tr/td[3]//div[@class=&apos;v-label v-widget v-has-width&apos;]&quot;}
  (Session info: chrome=137.0.7151.104)
For documentation on this error, please visit: https://www.seleniumhq.org/exceptions/no_such_element.html
Build info: version: &apos;3.141.59&apos;, revision: &apos;e82be7d358&apos;, time: &apos;2018-11-14T08:17:03&apos;
System info: host: &apos;USNYMEQA7&apos;, ip: &apos;10.80.78.48&apos;, os.name: &apos;Windows Server 2019&apos;, os.arch: &apos;amd64&apos;, os.version: &apos;10.0&apos;, java.version: &apos;22.0.2&apos;
Driver info: org.openqa.selenium.chrome.ChromeDriver
Capabilities {acceptInsecureCerts: false, browserName: chrome, browserVersion: 137.0.7151.104, chrome: {chromedriverVersion: 136.0.7103.113 (76fa3c17824..., userDataDir: C:\Users\NISHIK~1.KUM\AppDa...}, fedcm:accounts: true, goog:chromeOptions: {debuggerAddress: localhost:53978}, javascriptEnabled: true, networkConnectionEnabled: false, pageLoadStrategy: normal, platform: WINDOWS, platformName: WINDOWS, proxy: Proxy(), setWindowRect: true, strictFileInteractability: false, timeouts: {implicit: 0, pageLoad: 300000, script: 30000}, unhandledPromptBehavior: dismiss and notify, webauthn:extension:credBlob: true, webauthn:extension:largeBlob: true, webauthn:extension:minPinLength: true, webauthn:extension:prf: true, webauthn:virtualAuthenticators: true}
Session ID: b9a168f10def2fe9571e3b340b7e81c2
*** Element info: {Using=xpath, value=//span[normalize-space()=&apos;Brand:&apos;]/ancestor::tr/td[3]//div[@class=&apos;v-label v-widget v-has-width&apos;]}
	at org.openqa.selenium.remote.http.W3CHttpResponseCodec.createException(W3CHttpResponseCodec.java:187)
	at org.openqa.selenium.remote.http.W3CHttpResponseCodec.decode(W3CHttpResponseCodec.java:122)
	at org.openqa.selenium.remote.http.W3CHttpResponseCodec.decode(W3CHttpResponseCodec.java:49)
	at org.openqa.selenium.remote.HttpCommandExecutor.execute(HttpCommandExecutor.java:158)
	at org.openqa.selenium.remote.service.DriverCommandExecutor.execute(DriverCommandExecutor.java:83)
	at org.openqa.selenium.remote.RemoteWebDriver.execute(RemoteWebDriver.java:552)
	at org.openqa.selenium.remote.RemoteWebDriver.findElement(RemoteWebDriver.java:323)
	at org.openqa.selenium.remote.RemoteWebDriver.findElementByXPath(RemoteWebDriver.java:428)
	at org.openqa.selenium.By$ByXPath.findElement(By.java:353)
	at org.openqa.selenium.remote.RemoteWebDriver.findElement(RemoteWebDriver.java:315)
	at org.openqa.selenium.support.ui.ExpectedConditions$7.apply(ExpectedConditions.java:205)
	at org.openqa.selenium.support.ui.ExpectedConditions$7.apply(ExpectedConditions.java:201)
	at org.openqa.selenium.support.ui.FluentWait.until(FluentWait.java:249)
	... 17 more
... Removed 13 stack frames</div></td></tr></table><p class="totop"><a href="#summary">back to summary</a></p>
<h3 id="m5">com.pim.tests.localAttribute.LocalAttributeTest#verify_localAttribute_changes_For_ZahnItem_updated_In_RespectiveTable</h3><table class="result"><tr class="param"><th>Parameter #1</th></tr><tr class="param stripe"><td>{itemNumber=1010956, LocalAttributeLaunguageField=NA, QualityTab_StatusColoum=NA, ItemType=Items in US Catalog, LocalAttributeQuantityFieldValue=NA, TestCaseName=verify_localAttribute_changes_For_ZahnItem_updated_In_RespectiveTable, ContinueTabName=NA, productName=NA, LocalAttributeItemFieldValueWithNoContent=No content, LocalAttributeitemTypeFieldValue=#4, UserDriven=NA, QualityTab_StatusColoumPass=NA, itemStatus=Active, LocalAttributeRulePass=NA, saveButton=Save, Password=MSD-Technology, LocalAttributeBrandFieldValueWithNoContent=No content, LocalAttributeitemTypeFieldValueWithNoContent=No content, MasterCatalog=Master catalog, CatalogType=US Catalog, LocalAttributeBrandFieldValue=ADS, Username=kathir.ranga, LocalAttributeItemFieldValue=Acrylic, TabName=Local Attribute, ContinueCatalogType=NA, LocalAttributeRule=NA}</td></tr><tr><th>Exception</th></tr><tr><td><div class="stacktrace">org.openqa.selenium.TimeoutException: Expected condition failed: waiting for visibility of element located by By.xpath: //span[normalize-space()=&apos;Brand:&apos;]/ancestor::tr/td[3]//div[@class=&apos;v-label v-widget v-has-width&apos;] (tried for 60 second(s) with 500 milliseconds interval)
	at org.openqa.selenium.support.ui.WebDriverWait.timeoutException(WebDriverWait.java:95)
	at org.openqa.selenium.support.ui.FluentWait.until(FluentWait.java:272)
	at com.pim.factories.ExplicitWaitFactory.performExplicitWait(ExplicitWaitFactory.java:29)
	at com.pim.pages.BasePage.sendKeys(BasePage.java:62)
	at com.pim.pages.LocalAttributePage.brandFieldAttribute(LocalAttributePage.java:330)
	at com.pim.tests.localAttribute.LocalAttributeTest.verify_localAttribute_changes_For_ZahnItem_updated_In_RespectiveTable(LocalAttributeTest.java:648)
	at java.base/java.util.concurrent.ThreadPoolExecutor.runWorker(ThreadPoolExecutor.java:1144)
	at java.base/java.util.concurrent.ThreadPoolExecutor$Worker.run(ThreadPoolExecutor.java:642)
	at java.base/java.lang.Thread.run(Thread.java:1582)
Caused by: org.openqa.selenium.NoSuchElementException: no such element: Unable to locate element: {&quot;method&quot;:&quot;xpath&quot;,&quot;selector&quot;:&quot;//span[normalize-space()=&apos;Brand:&apos;]/ancestor::tr/td[3]//div[@class=&apos;v-label v-widget v-has-width&apos;]&quot;}
  (Session info: chrome=137.0.7151.104)
For documentation on this error, please visit: https://www.seleniumhq.org/exceptions/no_such_element.html
Build info: version: &apos;3.141.59&apos;, revision: &apos;e82be7d358&apos;, time: &apos;2018-11-14T08:17:03&apos;
System info: host: &apos;USNYMEQA7&apos;, ip: &apos;10.80.78.48&apos;, os.name: &apos;Windows Server 2019&apos;, os.arch: &apos;amd64&apos;, os.version: &apos;10.0&apos;, java.version: &apos;22.0.2&apos;
Driver info: org.openqa.selenium.chrome.ChromeDriver
Capabilities {acceptInsecureCerts: false, browserName: chrome, browserVersion: 137.0.7151.104, chrome: {chromedriverVersion: 136.0.7103.113 (76fa3c17824..., userDataDir: C:\Users\NISHIK~1.KUM\AppDa...}, fedcm:accounts: true, goog:chromeOptions: {debuggerAddress: localhost:54245}, javascriptEnabled: true, networkConnectionEnabled: false, pageLoadStrategy: normal, platform: WINDOWS, platformName: WINDOWS, proxy: Proxy(), setWindowRect: true, strictFileInteractability: false, timeouts: {implicit: 0, pageLoad: 300000, script: 30000}, unhandledPromptBehavior: dismiss and notify, webauthn:extension:credBlob: true, webauthn:extension:largeBlob: true, webauthn:extension:minPinLength: true, webauthn:extension:prf: true, webauthn:virtualAuthenticators: true}
Session ID: 52447375213e427247213b7715841a43
*** Element info: {Using=xpath, value=//span[normalize-space()=&apos;Brand:&apos;]/ancestor::tr/td[3]//div[@class=&apos;v-label v-widget v-has-width&apos;]}
	at org.openqa.selenium.remote.http.W3CHttpResponseCodec.createException(W3CHttpResponseCodec.java:187)
	at org.openqa.selenium.remote.http.W3CHttpResponseCodec.decode(W3CHttpResponseCodec.java:122)
	at org.openqa.selenium.remote.http.W3CHttpResponseCodec.decode(W3CHttpResponseCodec.java:49)
	at org.openqa.selenium.remote.HttpCommandExecutor.execute(HttpCommandExecutor.java:158)
	at org.openqa.selenium.remote.service.DriverCommandExecutor.execute(DriverCommandExecutor.java:83)
	at org.openqa.selenium.remote.RemoteWebDriver.execute(RemoteWebDriver.java:552)
	at org.openqa.selenium.remote.RemoteWebDriver.findElement(RemoteWebDriver.java:323)
	at org.openqa.selenium.remote.RemoteWebDriver.findElementByXPath(RemoteWebDriver.java:428)
	at org.openqa.selenium.By$ByXPath.findElement(By.java:353)
	at org.openqa.selenium.remote.RemoteWebDriver.findElement(RemoteWebDriver.java:315)
	at org.openqa.selenium.support.ui.ExpectedConditions$7.apply(ExpectedConditions.java:205)
	at org.openqa.selenium.support.ui.ExpectedConditions$7.apply(ExpectedConditions.java:201)
	at org.openqa.selenium.support.ui.FluentWait.until(FluentWait.java:249)
	... 17 more
... Removed 13 stack frames</div></td></tr></table><p class="totop"><a href="#summary">back to summary</a></p>
<h3 id="m6">com.pim.tests.webDescriptionTests.GEP_WebDescriptionTest#updationOfGEPWebDescriptionAfterUpdationOfLocalAttributeParameterForUS</h3><table class="result"><tr class="param"><th>Parameter #1</th></tr><tr class="param stripe"><td>{Status=OK, itemNumber=1127276, QualityStatusRule=Dental_Local_AttrMandatory_Check, LANamesList=NA, Item1=Alloy, Item2=Amalgam, ItemType=Items in US Catalog, TabNameGEP=GEP Web Description, CatalogTypeMaster=Master catalog, TestCaseRefNo.=MDM-758-006 (US) WRFL_110, TestCaseName=updationOfGEPWebDescriptionAfterUpdationOfLocalAttributeParameterForUS, TabNameQS=Quality status, CatalogType=US Catalog, TabNameGA=NA, TabNameLA=Local Attribute, Item3=Mercury, Save=Save}</td></tr><tr><th>Exception</th></tr><tr><td><div class="stacktrace">org.openqa.selenium.TimeoutException: Expected condition failed: waiting for element to be clickable: By.xpath: //span[normalize-space()=&apos;Item:&apos;]/ancestor::tr/td[3]//div[@class=&apos;v-filterselect-button&apos;] (tried for 60 second(s) with 500 milliseconds interval)
	at org.openqa.selenium.support.ui.WebDriverWait.timeoutException(WebDriverWait.java:95)
	at org.openqa.selenium.support.ui.FluentWait.until(FluentWait.java:272)
	at com.pim.factories.ExplicitWaitFactory.performExplicitWait(ExplicitWaitFactory.java:23)
	at com.pim.pages.BasePage.click(BasePage.java:48)
	at com.pim.pages.LocalAttributePage.itemFieldAttributeChange(LocalAttributePage.java:457)
	at com.pim.tests.webDescriptionTests.GEP_WebDescriptionTest.updationOfGEPWebDescriptionAfterUpdationOfLocalAttributeParameterForUS(GEP_WebDescriptionTest.java:107)
	at java.base/java.util.concurrent.ThreadPoolExecutor.runWorker(ThreadPoolExecutor.java:1144)
	at java.base/java.util.concurrent.ThreadPoolExecutor$Worker.run(ThreadPoolExecutor.java:642)
	at java.base/java.lang.Thread.run(Thread.java:1582)
Caused by: org.openqa.selenium.NoSuchElementException: no such element: Unable to locate element: {&quot;method&quot;:&quot;xpath&quot;,&quot;selector&quot;:&quot;//span[normalize-space()=&apos;Item:&apos;]/ancestor::tr/td[3]//div[@class=&apos;v-filterselect-button&apos;]&quot;}
  (Session info: chrome=137.0.7151.104)
For documentation on this error, please visit: https://www.seleniumhq.org/exceptions/no_such_element.html
Build info: version: &apos;3.141.59&apos;, revision: &apos;e82be7d358&apos;, time: &apos;2018-11-14T08:17:03&apos;
System info: host: &apos;USNYMEQA7&apos;, ip: &apos;10.80.78.48&apos;, os.name: &apos;Windows Server 2019&apos;, os.arch: &apos;amd64&apos;, os.version: &apos;10.0&apos;, java.version: &apos;22.0.2&apos;
Driver info: org.openqa.selenium.chrome.ChromeDriver
Capabilities {acceptInsecureCerts: false, browserName: chrome, browserVersion: 137.0.7151.104, chrome: {chromedriverVersion: 136.0.7103.113 (76fa3c17824..., userDataDir: C:\Users\NISHIK~1.KUM\AppDa...}, fedcm:accounts: true, goog:chromeOptions: {debuggerAddress: localhost:54361}, javascriptEnabled: true, networkConnectionEnabled: false, pageLoadStrategy: normal, platform: WINDOWS, platformName: WINDOWS, proxy: Proxy(), setWindowRect: true, strictFileInteractability: false, timeouts: {implicit: 0, pageLoad: 300000, script: 30000}, unhandledPromptBehavior: dismiss and notify, webauthn:extension:credBlob: true, webauthn:extension:largeBlob: true, webauthn:extension:minPinLength: true, webauthn:extension:prf: true, webauthn:virtualAuthenticators: true}
Session ID: 761be5e8a93a6c9d5d4f285c8b659e01
*** Element info: {Using=xpath, value=//span[normalize-space()=&apos;Item:&apos;]/ancestor::tr/td[3]//div[@class=&apos;v-filterselect-button&apos;]}
	at org.openqa.selenium.remote.http.W3CHttpResponseCodec.createException(W3CHttpResponseCodec.java:187)
	at org.openqa.selenium.remote.http.W3CHttpResponseCodec.decode(W3CHttpResponseCodec.java:122)
	at org.openqa.selenium.remote.http.W3CHttpResponseCodec.decode(W3CHttpResponseCodec.java:49)
	at org.openqa.selenium.remote.HttpCommandExecutor.execute(HttpCommandExecutor.java:158)
	at org.openqa.selenium.remote.service.DriverCommandExecutor.execute(DriverCommandExecutor.java:83)
	at org.openqa.selenium.remote.RemoteWebDriver.execute(RemoteWebDriver.java:552)
	at org.openqa.selenium.remote.RemoteWebDriver.findElement(RemoteWebDriver.java:323)
	at org.openqa.selenium.remote.RemoteWebDriver.findElementByXPath(RemoteWebDriver.java:428)
	at org.openqa.selenium.By$ByXPath.findElement(By.java:353)
	at org.openqa.selenium.remote.RemoteWebDriver.findElement(RemoteWebDriver.java:315)
	at org.openqa.selenium.support.ui.ExpectedConditions$7.apply(ExpectedConditions.java:205)
	at org.openqa.selenium.support.ui.ExpectedConditions$7.apply(ExpectedConditions.java:201)
	at org.openqa.selenium.support.ui.ExpectedConditions$22.apply(ExpectedConditions.java:641)
	at org.openqa.selenium.support.ui.ExpectedConditions$22.apply(ExpectedConditions.java:638)
	at org.openqa.selenium.support.ui.FluentWait.until(FluentWait.java:249)
	... 17 more
... Removed 13 stack frames</div></td></tr></table><p class="totop"><a href="#summary">back to summary</a></p>
<h3 id="m7">com.pim.tests.catalogtests.DentalCatalogTest#verify_all_catalog_tabs_and_exception_list_for_dental_division</h3><table class="result"><tr class="param"><th>Parameter #1</th></tr><tr class="param stripe"><td>{Status=OK, ItemStatus=Active, userDriven=DENTAL, RuleDriven=XDENTAL, ItemType=Items in US Catalog, AllCatalogtab=All Catalogs, Qualitystatustab=Quality status, TestCaseName=verify_all_catalog_tabs_and_exception_list_for_dental_division, specialMarketCatalog=N/A, MasterCatalog=Master catalog, ReferenceType=None, CatalogType=US Catalog, ItemNumber=1000011, Qualitystatus=Catalog Rules, CatalogEntityRule=Assign_RuleDrivenCatalog_Dental,Assign_RuleDrivencatalog_Medical,Assign_RuleDrivencatalog_Zahn,Catalog_Copy_Rule, Remarks=N/A, medicalCatalog=N/A, TabName=Dental Catalog, PublishFlag=N/A, ReferenceTab=None}</td></tr></table><p class="totop"><a href="#summary">back to summary</a></p>
<h3 id="m8">com.pim.tests.localAttribute.LocalAttributeTest#verify_localAttribute_changes_For_DentalItem_updated_In_RespectiveTable</h3><table class="result"><tr class="param"><th>Parameter #1</th></tr><tr class="param stripe"><td>{itemNumber=2900095, LocalAttributeLaunguageField=NA, QualityTab_StatusColoum=NA, ItemType=Items in US Catalog, LocalAttributeQuantityFieldValue=NA, TestCaseName=verify_localAttribute_changes_For_DentalItem_updated_In_RespectiveTable, ContinueTabName=NA, productName=NA, LocalAttributeItemFieldValueWithNoContent=No content, LocalAttributeitemTypeFieldValue=1-Well, UserDriven=NA, QualityTab_StatusColoumPass=NA, itemStatus=Active, LocalAttributeRulePass=NA, saveButton=Save, Password=MSD-Technology, LocalAttributeBrandFieldValueWithNoContent=No content, LocalAttributeitemTypeFieldValueWithNoContent=No content, MasterCatalog=Master catalog, CatalogType=US Catalog, LocalAttributeBrandFieldValue=1.8 cubic feet, Username=kathir.ranga, LocalAttributeItemFieldValue=Acrylic, TabName=Local Attribute, ContinueCatalogType=NA, LocalAttributeRule=NA}</td></tr></table><p class="totop"><a href="#summary">back to summary</a></p>
</body>
</html>
