<?xml version="1.0" encoding="UTF-8"?>
<testng-results ignored="47" total="56" passed="2" failed="7" skipped="0">
  <reporter-output>
  </reporter-output>
  <suite started-at="2025-06-16T02:12:07 EDT" name="PIM Automation" finished-at="2025-06-16T02:39:32 EDT" duration-ms="1644739">
    <groups>
      <group name="WEB_DESCRIPTION">
        <method signature="GEP_WebDescriptionTest.updationOfGEPWebDescriptionAfterUpdationOfLocalAttributeParameterForUS(java.util.Map)[pri:0, instance:com.pim.tests.webDescriptionTests.GEP_WebDescriptionTest@3340fa86]" name="updationOfGEPWebDescriptionAfterUpdationOfLocalAttributeParameterForUS" class="com.pim.tests.webDescriptionTests.GEP_WebDescriptionTest"/>
      </group> <!-- WEB_DESCRIPTION -->
      <group name="pim">
        <method signature="DentalCatalogTest.verify_all_catalog_tabs_and_exception_list_for_dental_division(java.util.Map)[pri:0, instance:com.pim.tests.catalogtests.DentalCatalogTest@2ade1650]" name="verify_all_catalog_tabs_and_exception_list_for_dental_division" class="com.pim.tests.catalogtests.DentalCatalogTest"/>
        <method signature="DentalCatalogTest.verify_rule_driven_for_dental_division(java.util.Map)[pri:0, instance:com.pim.tests.catalogtests.DentalCatalogTest@2ade1650]" name="verify_rule_driven_for_dental_division" class="com.pim.tests.catalogtests.DentalCatalogTest"/>
        <method signature="LocalAttributeTest.verify_localAttribute_changes_For_DentalItem_updated_In_RespectiveTable(java.util.Map)[pri:0, instance:com.pim.tests.localAttribute.LocalAttributeTest@e87e9a9c]" name="verify_localAttribute_changes_For_DentalItem_updated_In_RespectiveTable" class="com.pim.tests.localAttribute.LocalAttributeTest"/>
        <method signature="LocalAttributeTest.verify_localAttribute_changes_For_Medical_Item_updated_In_RespectiveTable(java.util.Map)[pri:0, instance:com.pim.tests.localAttribute.LocalAttributeTest@e87e9a9c]" name="verify_localAttribute_changes_For_Medical_Item_updated_In_RespectiveTable" class="com.pim.tests.localAttribute.LocalAttributeTest"/>
        <method signature="LocalAttributeTest.verify_localAttribute_changes_For_SpecialMarketItem_updated_In_RespectiveTable_Item(java.util.Map)[pri:0, instance:com.pim.tests.localAttribute.LocalAttributeTest@e87e9a9c]" name="verify_localAttribute_changes_For_SpecialMarketItem_updated_In_RespectiveTable_Item" class="com.pim.tests.localAttribute.LocalAttributeTest"/>
        <method signature="LocalAttributeTest.verify_localAttribute_changes_For_ZahnItem_updated_In_RespectiveTable(java.util.Map)[pri:0, instance:com.pim.tests.localAttribute.LocalAttributeTest@e87e9a9c]" name="verify_localAttribute_changes_For_ZahnItem_updated_In_RespectiveTable" class="com.pim.tests.localAttribute.LocalAttributeTest"/>
      </group> <!-- pim -->
      <group name="LOCAL_ATTRIBUTE">
        <method signature="LocalAttributeTest.verify_localAttribute_changes_For_DentalItem_updated_In_RespectiveTable(java.util.Map)[pri:0, instance:com.pim.tests.localAttribute.LocalAttributeTest@e87e9a9c]" name="verify_localAttribute_changes_For_DentalItem_updated_In_RespectiveTable" class="com.pim.tests.localAttribute.LocalAttributeTest"/>
        <method signature="LocalAttributeTest.verify_localAttribute_changes_For_Medical_Item_updated_In_RespectiveTable(java.util.Map)[pri:0, instance:com.pim.tests.localAttribute.LocalAttributeTest@e87e9a9c]" name="verify_localAttribute_changes_For_Medical_Item_updated_In_RespectiveTable" class="com.pim.tests.localAttribute.LocalAttributeTest"/>
        <method signature="LocalAttributeTest.verify_localAttribute_changes_For_SpecialMarketItem_updated_In_RespectiveTable_Item(java.util.Map)[pri:0, instance:com.pim.tests.localAttribute.LocalAttributeTest@e87e9a9c]" name="verify_localAttribute_changes_For_SpecialMarketItem_updated_In_RespectiveTable_Item" class="com.pim.tests.localAttribute.LocalAttributeTest"/>
        <method signature="LocalAttributeTest.verify_localAttribute_changes_For_ZahnItem_updated_In_RespectiveTable(java.util.Map)[pri:0, instance:com.pim.tests.localAttribute.LocalAttributeTest@e87e9a9c]" name="verify_localAttribute_changes_For_ZahnItem_updated_In_RespectiveTable" class="com.pim.tests.localAttribute.LocalAttributeTest"/>
      </group> <!-- LOCAL_ATTRIBUTE -->
      <group name="DENTAL_CATALOG">
        <method signature="DentalCatalogTest.verify_all_catalog_tabs_and_exception_list_for_dental_division(java.util.Map)[pri:0, instance:com.pim.tests.catalogtests.DentalCatalogTest@2ade1650]" name="verify_all_catalog_tabs_and_exception_list_for_dental_division" class="com.pim.tests.catalogtests.DentalCatalogTest"/>
        <method signature="DentalCatalogTest.verify_rule_driven_for_dental_division(java.util.Map)[pri:0, instance:com.pim.tests.catalogtests.DentalCatalogTest@2ade1650]" name="verify_rule_driven_for_dental_division" class="com.pim.tests.catalogtests.DentalCatalogTest"/>
      </group> <!-- DENTAL_CATALOG -->
      <group name="US">
        <method signature="DentalCatalogTest.verify_all_catalog_tabs_and_exception_list_for_dental_division(java.util.Map)[pri:0, instance:com.pim.tests.catalogtests.DentalCatalogTest@2ade1650]" name="verify_all_catalog_tabs_and_exception_list_for_dental_division" class="com.pim.tests.catalogtests.DentalCatalogTest"/>
        <method signature="DentalCatalogTest.verify_rule_driven_for_dental_division(java.util.Map)[pri:0, instance:com.pim.tests.catalogtests.DentalCatalogTest@2ade1650]" name="verify_rule_driven_for_dental_division" class="com.pim.tests.catalogtests.DentalCatalogTest"/>
        <method signature="LocalAttributeTest.verify_localAttribute_changes_For_DentalItem_updated_In_RespectiveTable(java.util.Map)[pri:0, instance:com.pim.tests.localAttribute.LocalAttributeTest@e87e9a9c]" name="verify_localAttribute_changes_For_DentalItem_updated_In_RespectiveTable" class="com.pim.tests.localAttribute.LocalAttributeTest"/>
        <method signature="LocalAttributeTest.verify_localAttribute_changes_For_Medical_Item_updated_In_RespectiveTable(java.util.Map)[pri:0, instance:com.pim.tests.localAttribute.LocalAttributeTest@e87e9a9c]" name="verify_localAttribute_changes_For_Medical_Item_updated_In_RespectiveTable" class="com.pim.tests.localAttribute.LocalAttributeTest"/>
        <method signature="LocalAttributeTest.verify_localAttribute_changes_For_SpecialMarketItem_updated_In_RespectiveTable_Item(java.util.Map)[pri:0, instance:com.pim.tests.localAttribute.LocalAttributeTest@e87e9a9c]" name="verify_localAttribute_changes_For_SpecialMarketItem_updated_In_RespectiveTable_Item" class="com.pim.tests.localAttribute.LocalAttributeTest"/>
        <method signature="LocalAttributeTest.verify_localAttribute_changes_For_ZahnItem_updated_In_RespectiveTable(java.util.Map)[pri:0, instance:com.pim.tests.localAttribute.LocalAttributeTest@e87e9a9c]" name="verify_localAttribute_changes_For_ZahnItem_updated_In_RespectiveTable" class="com.pim.tests.localAttribute.LocalAttributeTest"/>
        <method signature="GEP_WebDescriptionTest.updationOfGEPWebDescriptionAfterUpdationOfLocalAttributeParameterForUS(java.util.Map)[pri:0, instance:com.pim.tests.webDescriptionTests.GEP_WebDescriptionTest@3340fa86]" name="updationOfGEPWebDescriptionAfterUpdationOfLocalAttributeParameterForUS" class="com.pim.tests.webDescriptionTests.GEP_WebDescriptionTest"/>
      </group> <!-- US -->
    </groups>
    <test started-at="2025-06-16T02:12:07 EDT" name="Prerequisite Test" finished-at="2025-06-16T02:39:32 EDT" duration-ms="1644739">
      <class name="com.pim.tests.webDescriptionTests.GEP_WebDescriptionTest">
        <test-method is-config="true" signature="setUp(java.lang.reflect.Method)[pri:0, instance:com.pim.tests.webDescriptionTests.GEP_WebDescriptionTest@3340fa86]" started-at="2025-06-16T02:16:40 EDT" name="setUp" finished-at="2025-06-16T02:16:46 EDT" duration-ms="5940" status="PASS">
          <params>
            <param index="0">
              <value>
                <![CDATA[public void com.pim.tests.webDescriptionTests.GEP_WebDescriptionTest.updationOfGEPWebDescriptionAfterUpdationOfLocalAttributeParameterForUS(java.util.Map) throws java.lang.InterruptedException,java.io.IOException]]>
              </value>
            </param>
          </params>
          <reporter-output>
          </reporter-output>
        </test-method> <!-- setUp -->
        <test-method signature="updationOfGEPWebDescriptionAfterUpdationOfLocalAttributeParameterForUS(java.util.Map)[pri:0, instance:com.pim.tests.webDescriptionTests.GEP_WebDescriptionTest@3340fa86]" started-at="2025-06-16T02:16:46 EDT" name="updationOfGEPWebDescriptionAfterUpdationOfLocalAttributeParameterForUS" description="WRFL_110 US | Verify if below GEP Web Description fields are editable, GEP Full Display Description, GEP Abbreviated Display Description, GEP Look Ahead Search Description, GEP Detailed or Extended Description" data-provider="getCatalogData" finished-at="2025-06-16T02:19:50 EDT" duration-ms="183962" status="FAIL">
          <params>
            <param index="0">
              <value>
                <![CDATA[{Status=OK, itemNumber=1127276, QualityStatusRule=Dental_Local_AttrMandatory_Check, LANamesList=NA, Item1=Alloy, Item2=Amalgam, ItemType=Items in US Catalog, TabNameGEP=GEP Web Description, CatalogTypeMaster=Master catalog, TestCaseRefNo.=MDM-758-006 (US) WRFL_110, TestCaseName=updationOfGEPWebDescriptionAfterUpdationOfLocalAttributeParameterForUS, TabNameQS=Quality status, CatalogType=US Catalog, TabNameGA=NA, TabNameLA=Local Attribute, Item3=Mercury, Save=Save}]]>
              </value>
            </param>
          </params>
          <exception class="org.openqa.selenium.TimeoutException">
            <message>
              <![CDATA[Expected condition failed: waiting for element to be clickable: By.xpath: //span[normalize-space()='Item:']/ancestor::tr/td[3]//div[@class='v-filterselect-button'] (tried for 60 second(s) with 500 milliseconds interval)]]>
            </message>
            <full-stacktrace>
              <![CDATA[org.openqa.selenium.TimeoutException: Expected condition failed: waiting for element to be clickable: By.xpath: //span[normalize-space()='Item:']/ancestor::tr/td[3]//div[@class='v-filterselect-button'] (tried for 60 second(s) with 500 milliseconds interval)
at org.openqa.selenium.support.ui.WebDriverWait.timeoutException(WebDriverWait.java:95)
at org.openqa.selenium.support.ui.FluentWait.until(FluentWait.java:272)
at com.pim.factories.ExplicitWaitFactory.performExplicitWait(ExplicitWaitFactory.java:23)
at com.pim.pages.BasePage.click(BasePage.java:48)
at com.pim.pages.LocalAttributePage.itemFieldAttributeChange(LocalAttributePage.java:457)
at com.pim.tests.webDescriptionTests.GEP_WebDescriptionTest.updationOfGEPWebDescriptionAfterUpdationOfLocalAttributeParameterForUS(GEP_WebDescriptionTest.java:107)
at java.base/jdk.internal.reflect.DirectMethodHandleAccessor.invoke(DirectMethodHandleAccessor.java:103)
at java.base/java.lang.reflect.Method.invoke(Method.java:586)
at org.testng.internal.invokers.MethodInvocationHelper.invokeMethod(MethodInvocationHelper.java:139)
at org.testng.internal.invokers.TestInvoker.invokeMethod(TestInvoker.java:677)
at org.testng.internal.invokers.TestInvoker.invokeTestMethod(TestInvoker.java:221)
at org.testng.internal.invokers.MethodRunner.runInSequence(MethodRunner.java:50)
at org.testng.internal.invokers.TestInvoker$MethodInvocationAgent.invoke(TestInvoker.java:969)
at org.testng.internal.invokers.TestInvoker.invokeTestMethods(TestInvoker.java:194)
at org.testng.internal.invokers.TestMethodWorker.invokeTestMethods(TestMethodWorker.java:148)
at org.testng.internal.invokers.TestMethodWorker.run(TestMethodWorker.java:128)
at java.base/java.util.concurrent.ThreadPoolExecutor.runWorker(ThreadPoolExecutor.java:1144)
at java.base/java.util.concurrent.ThreadPoolExecutor$Worker.run(ThreadPoolExecutor.java:642)
at java.base/java.lang.Thread.run(Thread.java:1582)
Caused by: org.openqa.selenium.NoSuchElementException: no such element: Unable to locate element: {"method":"xpath","selector":"//span[normalize-space()='Item:']/ancestor::tr/td[3]//div[@class='v-filterselect-button']"}
  (Session info: chrome=137.0.7151.104)
For documentation on this error, please visit: https://www.seleniumhq.org/exceptions/no_such_element.html
Build info: version: '3.141.59', revision: 'e82be7d358', time: '2018-11-14T08:17:03'
System info: host: 'USNYMEQA7', ip: '10.80.78.48', os.name: 'Windows Server 2019', os.arch: 'amd64', os.version: '10.0', java.version: '22.0.2'
Driver info: org.openqa.selenium.chrome.ChromeDriver
Capabilities {acceptInsecureCerts: false, browserName: chrome, browserVersion: 137.0.7151.104, chrome: {chromedriverVersion: 136.0.7103.113 (76fa3c17824..., userDataDir: C:\Users\NISHIK~1.KUM\AppDa...}, fedcm:accounts: true, goog:chromeOptions: {debuggerAddress: localhost:54361}, javascriptEnabled: true, networkConnectionEnabled: false, pageLoadStrategy: normal, platform: WINDOWS, platformName: WINDOWS, proxy: Proxy(), setWindowRect: true, strictFileInteractability: false, timeouts: {implicit: 0, pageLoad: 300000, script: 30000}, unhandledPromptBehavior: dismiss and notify, webauthn:extension:credBlob: true, webauthn:extension:largeBlob: true, webauthn:extension:minPinLength: true, webauthn:extension:prf: true, webauthn:virtualAuthenticators: true}
Session ID: 761be5e8a93a6c9d5d4f285c8b659e01
*** Element info: {Using=xpath, value=//span[normalize-space()='Item:']/ancestor::tr/td[3]//div[@class='v-filterselect-button']}
at java.base/jdk.internal.reflect.DirectConstructorHandleAccessor.newInstance(DirectConstructorHandleAccessor.java:62)
at java.base/java.lang.reflect.Constructor.newInstanceWithCaller(Constructor.java:502)
at java.base/java.lang.reflect.Constructor.newInstance(Constructor.java:486)
at org.openqa.selenium.remote.http.W3CHttpResponseCodec.createException(W3CHttpResponseCodec.java:187)
at org.openqa.selenium.remote.http.W3CHttpResponseCodec.decode(W3CHttpResponseCodec.java:122)
at org.openqa.selenium.remote.http.W3CHttpResponseCodec.decode(W3CHttpResponseCodec.java:49)
at org.openqa.selenium.remote.HttpCommandExecutor.execute(HttpCommandExecutor.java:158)
at org.openqa.selenium.remote.service.DriverCommandExecutor.execute(DriverCommandExecutor.java:83)
at org.openqa.selenium.remote.RemoteWebDriver.execute(RemoteWebDriver.java:552)
at org.openqa.selenium.remote.RemoteWebDriver.findElement(RemoteWebDriver.java:323)
at org.openqa.selenium.remote.RemoteWebDriver.findElementByXPath(RemoteWebDriver.java:428)
at org.openqa.selenium.By$ByXPath.findElement(By.java:353)
at org.openqa.selenium.remote.RemoteWebDriver.findElement(RemoteWebDriver.java:315)
at org.openqa.selenium.support.ui.ExpectedConditions$7.apply(ExpectedConditions.java:205)
at org.openqa.selenium.support.ui.ExpectedConditions$7.apply(ExpectedConditions.java:201)
at org.openqa.selenium.support.ui.ExpectedConditions$22.apply(ExpectedConditions.java:641)
at org.openqa.selenium.support.ui.ExpectedConditions$22.apply(ExpectedConditions.java:638)
at org.openqa.selenium.support.ui.FluentWait.until(FluentWait.java:249)
... 17 more
]]>
            </full-stacktrace>
          </exception> <!-- org.openqa.selenium.TimeoutException -->
          <reporter-output>
          </reporter-output>
        </test-method> <!-- updationOfGEPWebDescriptionAfterUpdationOfLocalAttributeParameterForUS -->
        <test-method is-config="true" signature="tearDown(org.testng.ITestResult)[pri:0, instance:com.pim.tests.webDescriptionTests.GEP_WebDescriptionTest@3340fa86]" started-at="2025-06-16T02:19:50 EDT" name="tearDown" finished-at="2025-06-16T02:19:51 EDT" duration-ms="690" status="PASS">
          <params>
            <param index="0">
              <value>
                <![CDATA[[TestResult name=updationOfGEPWebDescriptionAfterUpdationOfLocalAttributeParameterForUS status=FAILURE method=GEP_WebDescriptionTest.updationOfGEPWebDescriptionAfterUpdationOfLocalAttributeParameterForUS(java.util.Map)[pri:0, instance:com.pim.tests.webDescriptionTests.GEP_WebDescriptionTest@3340fa86] output={null}]]]>
              </value>
            </param>
          </params>
          <reporter-output>
          </reporter-output>
        </test-method> <!-- tearDown -->
      </class> <!-- com.pim.tests.webDescriptionTests.GEP_WebDescriptionTest -->
      <class name="com.pim.tests.localAttribute.LocalAttributeTest">
        <test-method is-config="true" signature="setupSuite(org.testng.ITestContext)[pri:0, instance:com.pim.tests.localAttribute.LocalAttributeTest@e87e9a9c]" started-at="2025-06-16T02:12:05 EDT" name="setupSuite" finished-at="2025-06-16T02:12:07 EDT" duration-ms="2036" status="PASS">
          <params>
            <param index="0">
              <value>
                <![CDATA[org.testng.TestRunner@55bf824d]]>
              </value>
            </param>
          </params>
          <reporter-output>
          </reporter-output>
        </test-method> <!-- setupSuite -->
        <test-method is-config="true" signature="testSetUp()[pri:0, instance:com.pim.tests.localAttribute.LocalAttributeTest@e87e9a9c]" started-at="2025-06-16T02:12:07 EDT" name="testSetUp" finished-at="2025-06-16T02:12:07 EDT" duration-ms="0" status="PASS">
          <reporter-output>
          </reporter-output>
        </test-method> <!-- testSetUp -->
        <test-method is-config="true" signature="setUp(java.lang.reflect.Method)[pri:0, instance:com.pim.tests.localAttribute.LocalAttributeTest@e87e9a9c]" started-at="2025-06-16T02:12:08 EDT" name="setUp" finished-at="2025-06-16T02:12:15 EDT" duration-ms="7812" status="PASS">
          <params>
            <param index="0">
              <value>
                <![CDATA[public void com.pim.tests.localAttribute.LocalAttributeTest.verify_localAttribute_changes_For_Medical_Item_updated_In_RespectiveTable(java.util.Map)]]>
              </value>
            </param>
          </params>
          <reporter-output>
          </reporter-output>
        </test-method> <!-- setUp -->
        <test-method is-config="true" signature="setUp(java.lang.reflect.Method)[pri:0, instance:com.pim.tests.localAttribute.LocalAttributeTest@e87e9a9c]" started-at="2025-06-16T02:12:08 EDT" name="setUp" finished-at="2025-06-16T02:12:15 EDT" duration-ms="7734" status="PASS">
          <params>
            <param index="0">
              <value>
                <![CDATA[public void com.pim.tests.localAttribute.LocalAttributeTest.verify_localAttribute_changes_For_SpecialMarketItem_updated_In_RespectiveTable_Item(java.util.Map)]]>
              </value>
            </param>
          </params>
          <reporter-output>
          </reporter-output>
        </test-method> <!-- setUp -->
        <test-method is-config="true" signature="setUp(java.lang.reflect.Method)[pri:0, instance:com.pim.tests.localAttribute.LocalAttributeTest@e87e9a9c]" started-at="2025-06-16T02:12:08 EDT" name="setUp" finished-at="2025-06-16T02:12:15 EDT" duration-ms="7842" status="PASS">
          <params>
            <param index="0">
              <value>
                <![CDATA[public void com.pim.tests.localAttribute.LocalAttributeTest.verify_localAttribute_changes_For_DentalItem_updated_In_RespectiveTable(java.util.Map)]]>
              </value>
            </param>
          </params>
          <reporter-output>
          </reporter-output>
        </test-method> <!-- setUp -->
        <test-method signature="verify_localAttribute_changes_For_SpecialMarketItem_updated_In_RespectiveTable_Item(java.util.Map)[pri:0, instance:com.pim.tests.localAttribute.LocalAttributeTest@e87e9a9c]" started-at="2025-06-16T02:12:15 EDT" name="verify_localAttribute_changes_For_SpecialMarketItem_updated_In_RespectiveTable_Item" description="MDLW_025 | Verify local attribute changes for a SpecialMarket item updated in respective table when the items local attribute are modified in PIM  pre-requisite" data-provider="getCatalogData" finished-at="2025-06-16T02:16:38 EDT" duration-ms="262865" status="FAIL">
          <params>
            <param index="0">
              <value>
                <![CDATA[{itemNumber=2532611, LocalAttributeLaunguageField=NA, QualityTab_StatusColoum=NA, ItemType=Items in US Catalog, LocalAttributeQuantityFieldValue=NA, TestCaseName=verify_localAttribute_changes_For_SpecialMarketItem_updated_In_RespectiveTable_Item, ContinueTabName=NA, productName=NA, LocalAttributeItemFieldValueWithNoContent=No content, LocalAttributeitemTypeFieldValue=10 Lead, UserDriven=NA, QualityTab_StatusColoumPass=NA, itemStatus=Active, LocalAttributeRulePass=NA, saveButton=Save, Password=MSD-Technology, LocalAttributeBrandFieldValueWithNoContent=No content, LocalAttributeitemTypeFieldValueWithNoContent=No content, MasterCatalog=Master catalog, CatalogType=US Catalog, LocalAttributeBrandFieldValue=1600 Protector, Username=kathir.ranga, LocalAttributeItemFieldValue=Adapter Cable, TabName=Local Attribute, ContinueCatalogType=NA, LocalAttributeRule=NA}]]>
              </value>
            </param>
          </params>
          <exception class="org.openqa.selenium.TimeoutException">
            <message>
              <![CDATA[Expected condition failed: waiting for visibility of element located by By.xpath: //span[normalize-space()='Brand:']/ancestor::tr/td[3]//div[@class='v-label v-widget v-has-width'] (tried for 60 second(s) with 500 milliseconds interval)]]>
            </message>
            <full-stacktrace>
              <![CDATA[org.openqa.selenium.TimeoutException: Expected condition failed: waiting for visibility of element located by By.xpath: //span[normalize-space()='Brand:']/ancestor::tr/td[3]//div[@class='v-label v-widget v-has-width'] (tried for 60 second(s) with 500 milliseconds interval)
at org.openqa.selenium.support.ui.WebDriverWait.timeoutException(WebDriverWait.java:95)
at org.openqa.selenium.support.ui.FluentWait.until(FluentWait.java:272)
at com.pim.factories.ExplicitWaitFactory.performExplicitWait(ExplicitWaitFactory.java:29)
at com.pim.pages.BasePage.sendKeys(BasePage.java:62)
at com.pim.pages.LocalAttributePage.brandFieldAttribute(LocalAttributePage.java:330)
at com.pim.tests.localAttribute.LocalAttributeTest.verify_localAttribute_changes_For_SpecialMarketItem_updated_In_RespectiveTable_Item(LocalAttributeTest.java:614)
at java.base/jdk.internal.reflect.DirectMethodHandleAccessor.invoke(DirectMethodHandleAccessor.java:103)
at java.base/java.lang.reflect.Method.invoke(Method.java:586)
at org.testng.internal.invokers.MethodInvocationHelper.invokeMethod(MethodInvocationHelper.java:139)
at org.testng.internal.invokers.TestInvoker.invokeMethod(TestInvoker.java:677)
at org.testng.internal.invokers.TestInvoker.invokeTestMethod(TestInvoker.java:221)
at org.testng.internal.invokers.MethodRunner.runInSequence(MethodRunner.java:50)
at org.testng.internal.invokers.TestInvoker$MethodInvocationAgent.invoke(TestInvoker.java:969)
at org.testng.internal.invokers.TestInvoker.invokeTestMethods(TestInvoker.java:194)
at org.testng.internal.invokers.TestMethodWorker.invokeTestMethods(TestMethodWorker.java:148)
at org.testng.internal.invokers.TestMethodWorker.run(TestMethodWorker.java:128)
at java.base/java.util.concurrent.ThreadPoolExecutor.runWorker(ThreadPoolExecutor.java:1144)
at java.base/java.util.concurrent.ThreadPoolExecutor$Worker.run(ThreadPoolExecutor.java:642)
at java.base/java.lang.Thread.run(Thread.java:1582)
Caused by: org.openqa.selenium.NoSuchElementException: no such element: Unable to locate element: {"method":"xpath","selector":"//span[normalize-space()='Brand:']/ancestor::tr/td[3]//div[@class='v-label v-widget v-has-width']"}
  (Session info: chrome=137.0.7151.104)
For documentation on this error, please visit: https://www.seleniumhq.org/exceptions/no_such_element.html
Build info: version: '3.141.59', revision: 'e82be7d358', time: '2018-11-14T08:17:03'
System info: host: 'USNYMEQA7', ip: '10.80.78.48', os.name: 'Windows Server 2019', os.arch: 'amd64', os.version: '10.0', java.version: '22.0.2'
Driver info: org.openqa.selenium.chrome.ChromeDriver
Capabilities {acceptInsecureCerts: false, browserName: chrome, browserVersion: 137.0.7151.104, chrome: {chromedriverVersion: 136.0.7103.113 (76fa3c17824..., userDataDir: C:\Users\NISHIK~1.KUM\AppDa...}, fedcm:accounts: true, goog:chromeOptions: {debuggerAddress: localhost:53978}, javascriptEnabled: true, networkConnectionEnabled: false, pageLoadStrategy: normal, platform: WINDOWS, platformName: WINDOWS, proxy: Proxy(), setWindowRect: true, strictFileInteractability: false, timeouts: {implicit: 0, pageLoad: 300000, script: 30000}, unhandledPromptBehavior: dismiss and notify, webauthn:extension:credBlob: true, webauthn:extension:largeBlob: true, webauthn:extension:minPinLength: true, webauthn:extension:prf: true, webauthn:virtualAuthenticators: true}
Session ID: b9a168f10def2fe9571e3b340b7e81c2
*** Element info: {Using=xpath, value=//span[normalize-space()='Brand:']/ancestor::tr/td[3]//div[@class='v-label v-widget v-has-width']}
at java.base/jdk.internal.reflect.DirectConstructorHandleAccessor.newInstance(DirectConstructorHandleAccessor.java:62)
at java.base/java.lang.reflect.Constructor.newInstanceWithCaller(Constructor.java:502)
at java.base/java.lang.reflect.Constructor.newInstance(Constructor.java:486)
at org.openqa.selenium.remote.http.W3CHttpResponseCodec.createException(W3CHttpResponseCodec.java:187)
at org.openqa.selenium.remote.http.W3CHttpResponseCodec.decode(W3CHttpResponseCodec.java:122)
at org.openqa.selenium.remote.http.W3CHttpResponseCodec.decode(W3CHttpResponseCodec.java:49)
at org.openqa.selenium.remote.HttpCommandExecutor.execute(HttpCommandExecutor.java:158)
at org.openqa.selenium.remote.service.DriverCommandExecutor.execute(DriverCommandExecutor.java:83)
at org.openqa.selenium.remote.RemoteWebDriver.execute(RemoteWebDriver.java:552)
at org.openqa.selenium.remote.RemoteWebDriver.findElement(RemoteWebDriver.java:323)
at org.openqa.selenium.remote.RemoteWebDriver.findElementByXPath(RemoteWebDriver.java:428)
at org.openqa.selenium.By$ByXPath.findElement(By.java:353)
at org.openqa.selenium.remote.RemoteWebDriver.findElement(RemoteWebDriver.java:315)
at org.openqa.selenium.support.ui.ExpectedConditions$7.apply(ExpectedConditions.java:205)
at org.openqa.selenium.support.ui.ExpectedConditions$7.apply(ExpectedConditions.java:201)
at org.openqa.selenium.support.ui.FluentWait.until(FluentWait.java:249)
... 17 more
]]>
            </full-stacktrace>
          </exception> <!-- org.openqa.selenium.TimeoutException -->
          <reporter-output>
          </reporter-output>
        </test-method> <!-- verify_localAttribute_changes_For_SpecialMarketItem_updated_In_RespectiveTable_Item -->
        <test-method signature="verify_localAttribute_changes_For_Medical_Item_updated_In_RespectiveTable(java.util.Map)[pri:0, instance:com.pim.tests.localAttribute.LocalAttributeTest@e87e9a9c]" started-at="2025-06-16T02:12:15 EDT" name="verify_localAttribute_changes_For_Medical_Item_updated_In_RespectiveTable" description="MDLW_024 | Verify local attribute changes for a Medical item updated in respective table when the items local attribute are modified in PIM pre-requisite" data-provider="getCatalogData" finished-at="2025-06-16T02:16:39 EDT" duration-ms="263838" status="FAIL">
          <params>
            <param index="0">
              <value>
                <![CDATA[{itemNumber=1238000, LocalAttributeLaunguageField=NA, QualityTab_StatusColoum=NA, ItemType=Items in US Catalog, LocalAttributeQuantityFieldValue=NA, TestCaseName=verify_localAttribute_changes_For_Medical_Item_updated_In_RespectiveTable, ContinueTabName=NA, productName=NA, LocalAttributeItemFieldValueWithNoContent=No content, LocalAttributeitemTypeFieldValue=4-Meta Universal, UserDriven=NA, QualityTab_StatusColoumPass=NA, itemStatus=Active, LocalAttributeRulePass=NA, saveButton=Save, Password=MSD-Technology, LocalAttributeBrandFieldValueWithNoContent=No content, LocalAttributeitemTypeFieldValueWithNoContent=No content, MasterCatalog=Master catalog, CatalogType=US Catalog, LocalAttributeBrandFieldValue=20/20, Username=kathir.ranga, LocalAttributeItemFieldValue=Accessories Pack, TabName=Local Attribute, ContinueCatalogType=NA, LocalAttributeRule=NA}]]>
              </value>
            </param>
          </params>
          <exception class="org.openqa.selenium.TimeoutException">
            <message>
              <![CDATA[Expected condition failed: waiting for visibility of element located by By.xpath: //span[normalize-space()='Brand:']/ancestor::tr/td[3]//div[@class='v-label v-widget v-has-width'] (tried for 60 second(s) with 500 milliseconds interval)]]>
            </message>
            <full-stacktrace>
              <![CDATA[org.openqa.selenium.TimeoutException: Expected condition failed: waiting for visibility of element located by By.xpath: //span[normalize-space()='Brand:']/ancestor::tr/td[3]//div[@class='v-label v-widget v-has-width'] (tried for 60 second(s) with 500 milliseconds interval)
at org.openqa.selenium.support.ui.WebDriverWait.timeoutException(WebDriverWait.java:95)
at org.openqa.selenium.support.ui.FluentWait.until(FluentWait.java:272)
at com.pim.factories.ExplicitWaitFactory.performExplicitWait(ExplicitWaitFactory.java:29)
at com.pim.pages.BasePage.sendKeys(BasePage.java:62)
at com.pim.pages.LocalAttributePage.brandFieldAttribute(LocalAttributePage.java:330)
at com.pim.tests.localAttribute.LocalAttributeTest.verify_localAttribute_changes_For_Medical_Item_updated_In_RespectiveTable(LocalAttributeTest.java:574)
at java.base/jdk.internal.reflect.DirectMethodHandleAccessor.invoke(DirectMethodHandleAccessor.java:103)
at java.base/java.lang.reflect.Method.invoke(Method.java:586)
at org.testng.internal.invokers.MethodInvocationHelper.invokeMethod(MethodInvocationHelper.java:139)
at org.testng.internal.invokers.TestInvoker.invokeMethod(TestInvoker.java:677)
at org.testng.internal.invokers.TestInvoker.invokeTestMethod(TestInvoker.java:221)
at org.testng.internal.invokers.MethodRunner.runInSequence(MethodRunner.java:50)
at org.testng.internal.invokers.TestInvoker$MethodInvocationAgent.invoke(TestInvoker.java:969)
at org.testng.internal.invokers.TestInvoker.invokeTestMethods(TestInvoker.java:194)
at org.testng.internal.invokers.TestMethodWorker.invokeTestMethods(TestMethodWorker.java:148)
at org.testng.internal.invokers.TestMethodWorker.run(TestMethodWorker.java:128)
at java.base/java.util.concurrent.ThreadPoolExecutor.runWorker(ThreadPoolExecutor.java:1144)
at java.base/java.util.concurrent.ThreadPoolExecutor$Worker.run(ThreadPoolExecutor.java:642)
at java.base/java.lang.Thread.run(Thread.java:1582)
Caused by: org.openqa.selenium.NoSuchElementException: no such element: Unable to locate element: {"method":"xpath","selector":"//span[normalize-space()='Brand:']/ancestor::tr/td[3]//div[@class='v-label v-widget v-has-width']"}
  (Session info: chrome=137.0.7151.104)
For documentation on this error, please visit: https://www.seleniumhq.org/exceptions/no_such_element.html
Build info: version: '3.141.59', revision: 'e82be7d358', time: '2018-11-14T08:17:03'
System info: host: 'USNYMEQA7', ip: '10.80.78.48', os.name: 'Windows Server 2019', os.arch: 'amd64', os.version: '10.0', java.version: '22.0.2'
Driver info: org.openqa.selenium.chrome.ChromeDriver
Capabilities {acceptInsecureCerts: false, browserName: chrome, browserVersion: 137.0.7151.104, chrome: {chromedriverVersion: 136.0.7103.113 (76fa3c17824..., userDataDir: C:\Users\NISHIK~1.KUM\AppDa...}, fedcm:accounts: true, goog:chromeOptions: {debuggerAddress: localhost:53976}, javascriptEnabled: true, networkConnectionEnabled: false, pageLoadStrategy: normal, platform: WINDOWS, platformName: WINDOWS, proxy: Proxy(), setWindowRect: true, strictFileInteractability: false, timeouts: {implicit: 0, pageLoad: 300000, script: 30000}, unhandledPromptBehavior: dismiss and notify, webauthn:extension:credBlob: true, webauthn:extension:largeBlob: true, webauthn:extension:minPinLength: true, webauthn:extension:prf: true, webauthn:virtualAuthenticators: true}
Session ID: 0c4aa264c9dc861bde3d4610a1980aad
*** Element info: {Using=xpath, value=//span[normalize-space()='Brand:']/ancestor::tr/td[3]//div[@class='v-label v-widget v-has-width']}
at java.base/jdk.internal.reflect.DirectConstructorHandleAccessor.newInstance(DirectConstructorHandleAccessor.java:62)
at java.base/java.lang.reflect.Constructor.newInstanceWithCaller(Constructor.java:502)
at java.base/java.lang.reflect.Constructor.newInstance(Constructor.java:486)
at org.openqa.selenium.remote.http.W3CHttpResponseCodec.createException(W3CHttpResponseCodec.java:187)
at org.openqa.selenium.remote.http.W3CHttpResponseCodec.decode(W3CHttpResponseCodec.java:122)
at org.openqa.selenium.remote.http.W3CHttpResponseCodec.decode(W3CHttpResponseCodec.java:49)
at org.openqa.selenium.remote.HttpCommandExecutor.execute(HttpCommandExecutor.java:158)
at org.openqa.selenium.remote.service.DriverCommandExecutor.execute(DriverCommandExecutor.java:83)
at org.openqa.selenium.remote.RemoteWebDriver.execute(RemoteWebDriver.java:552)
at org.openqa.selenium.remote.RemoteWebDriver.findElement(RemoteWebDriver.java:323)
at org.openqa.selenium.remote.RemoteWebDriver.findElementByXPath(RemoteWebDriver.java:428)
at org.openqa.selenium.By$ByXPath.findElement(By.java:353)
at org.openqa.selenium.remote.RemoteWebDriver.findElement(RemoteWebDriver.java:315)
at org.openqa.selenium.support.ui.ExpectedConditions$7.apply(ExpectedConditions.java:205)
at org.openqa.selenium.support.ui.ExpectedConditions$7.apply(ExpectedConditions.java:201)
at org.openqa.selenium.support.ui.FluentWait.until(FluentWait.java:249)
... 17 more
]]>
            </full-stacktrace>
          </exception> <!-- org.openqa.selenium.TimeoutException -->
          <reporter-output>
          </reporter-output>
        </test-method> <!-- verify_localAttribute_changes_For_Medical_Item_updated_In_RespectiveTable -->
        <test-method signature="verify_localAttribute_changes_For_DentalItem_updated_In_RespectiveTable(java.util.Map)[pri:0, instance:com.pim.tests.localAttribute.LocalAttributeTest@e87e9a9c]" started-at="2025-06-16T02:12:15 EDT" name="verify_localAttribute_changes_For_DentalItem_updated_In_RespectiveTable" description="MDLW_023 | Verify local attribute changes for a Dental item updated in respective table when the items local attribute are modified in PIM --Pre-Requisite " data-provider="getCatalogData" finished-at="2025-06-16T02:15:16 EDT" duration-ms="181062" status="PASS">
          <params>
            <param index="0">
              <value>
                <![CDATA[{itemNumber=2900095, LocalAttributeLaunguageField=NA, QualityTab_StatusColoum=NA, ItemType=Items in US Catalog, LocalAttributeQuantityFieldValue=NA, TestCaseName=verify_localAttribute_changes_For_DentalItem_updated_In_RespectiveTable, ContinueTabName=NA, productName=NA, LocalAttributeItemFieldValueWithNoContent=No content, LocalAttributeitemTypeFieldValue=1-Well, UserDriven=NA, QualityTab_StatusColoumPass=NA, itemStatus=Active, LocalAttributeRulePass=NA, saveButton=Save, Password=MSD-Technology, LocalAttributeBrandFieldValueWithNoContent=No content, LocalAttributeitemTypeFieldValueWithNoContent=No content, MasterCatalog=Master catalog, CatalogType=US Catalog, LocalAttributeBrandFieldValue=1.8 cubic feet, Username=kathir.ranga, LocalAttributeItemFieldValue=Acrylic, TabName=Local Attribute, ContinueCatalogType=NA, LocalAttributeRule=NA}]]>
              </value>
            </param>
          </params>
          <reporter-output>
          </reporter-output>
        </test-method> <!-- verify_localAttribute_changes_For_DentalItem_updated_In_RespectiveTable -->
        <test-method is-config="true" signature="tearDown(org.testng.ITestResult)[pri:0, instance:com.pim.tests.localAttribute.LocalAttributeTest@e87e9a9c]" started-at="2025-06-16T02:15:16 EDT" name="tearDown" finished-at="2025-06-16T02:15:17 EDT" duration-ms="792" status="PASS">
          <params>
            <param index="0">
              <value>
                <![CDATA[[TestResult name=verify_localAttribute_changes_For_DentalItem_updated_In_RespectiveTable status=SUCCESS method=LocalAttributeTest.verify_localAttribute_changes_For_DentalItem_updated_In_RespectiveTable(java.util.Map)[pri:0, instance:com.pim.tests.localAttribute.LocalAttributeTest@e87e9a9c] output={null}]]]>
              </value>
            </param>
          </params>
          <reporter-output>
          </reporter-output>
        </test-method> <!-- tearDown -->
        <test-method is-config="true" signature="setUp(java.lang.reflect.Method)[pri:0, instance:com.pim.tests.localAttribute.LocalAttributeTest@e87e9a9c]" started-at="2025-06-16T02:15:18 EDT" name="setUp" finished-at="2025-06-16T02:15:24 EDT" duration-ms="5990" status="PASS">
          <params>
            <param index="0">
              <value>
                <![CDATA[public void com.pim.tests.localAttribute.LocalAttributeTest.verify_localAttribute_changes_For_ZahnItem_updated_In_RespectiveTable(java.util.Map)]]>
              </value>
            </param>
          </params>
          <reporter-output>
          </reporter-output>
        </test-method> <!-- setUp -->
        <test-method signature="verify_localAttribute_changes_For_ZahnItem_updated_In_RespectiveTable(java.util.Map)[pri:0, instance:com.pim.tests.localAttribute.LocalAttributeTest@e87e9a9c]" started-at="2025-06-16T02:15:24 EDT" name="verify_localAttribute_changes_For_ZahnItem_updated_In_RespectiveTable" description="MDLW_026 | Verify local attribute changes for a Zahn item updated in respective table For Item when the items local attribute are modified in PIM pre-requisite" data-provider="getCatalogData" finished-at="2025-06-16T02:18:46 EDT" duration-ms="202731" status="FAIL">
          <params>
            <param index="0">
              <value>
                <![CDATA[{itemNumber=1010956, LocalAttributeLaunguageField=NA, QualityTab_StatusColoum=NA, ItemType=Items in US Catalog, LocalAttributeQuantityFieldValue=NA, TestCaseName=verify_localAttribute_changes_For_ZahnItem_updated_In_RespectiveTable, ContinueTabName=NA, productName=NA, LocalAttributeItemFieldValueWithNoContent=No content, LocalAttributeitemTypeFieldValue=#4, UserDriven=NA, QualityTab_StatusColoumPass=NA, itemStatus=Active, LocalAttributeRulePass=NA, saveButton=Save, Password=MSD-Technology, LocalAttributeBrandFieldValueWithNoContent=No content, LocalAttributeitemTypeFieldValueWithNoContent=No content, MasterCatalog=Master catalog, CatalogType=US Catalog, LocalAttributeBrandFieldValue=ADS, Username=kathir.ranga, LocalAttributeItemFieldValue=Acrylic, TabName=Local Attribute, ContinueCatalogType=NA, LocalAttributeRule=NA}]]>
              </value>
            </param>
          </params>
          <exception class="org.openqa.selenium.TimeoutException">
            <message>
              <![CDATA[Expected condition failed: waiting for visibility of element located by By.xpath: //span[normalize-space()='Brand:']/ancestor::tr/td[3]//div[@class='v-label v-widget v-has-width'] (tried for 60 second(s) with 500 milliseconds interval)]]>
            </message>
            <full-stacktrace>
              <![CDATA[org.openqa.selenium.TimeoutException: Expected condition failed: waiting for visibility of element located by By.xpath: //span[normalize-space()='Brand:']/ancestor::tr/td[3]//div[@class='v-label v-widget v-has-width'] (tried for 60 second(s) with 500 milliseconds interval)
at org.openqa.selenium.support.ui.WebDriverWait.timeoutException(WebDriverWait.java:95)
at org.openqa.selenium.support.ui.FluentWait.until(FluentWait.java:272)
at com.pim.factories.ExplicitWaitFactory.performExplicitWait(ExplicitWaitFactory.java:29)
at com.pim.pages.BasePage.sendKeys(BasePage.java:62)
at com.pim.pages.LocalAttributePage.brandFieldAttribute(LocalAttributePage.java:330)
at com.pim.tests.localAttribute.LocalAttributeTest.verify_localAttribute_changes_For_ZahnItem_updated_In_RespectiveTable(LocalAttributeTest.java:648)
at java.base/jdk.internal.reflect.DirectMethodHandleAccessor.invoke(DirectMethodHandleAccessor.java:103)
at java.base/java.lang.reflect.Method.invoke(Method.java:586)
at org.testng.internal.invokers.MethodInvocationHelper.invokeMethod(MethodInvocationHelper.java:139)
at org.testng.internal.invokers.TestInvoker.invokeMethod(TestInvoker.java:677)
at org.testng.internal.invokers.TestInvoker.invokeTestMethod(TestInvoker.java:221)
at org.testng.internal.invokers.MethodRunner.runInSequence(MethodRunner.java:50)
at org.testng.internal.invokers.TestInvoker$MethodInvocationAgent.invoke(TestInvoker.java:969)
at org.testng.internal.invokers.TestInvoker.invokeTestMethods(TestInvoker.java:194)
at org.testng.internal.invokers.TestMethodWorker.invokeTestMethods(TestMethodWorker.java:148)
at org.testng.internal.invokers.TestMethodWorker.run(TestMethodWorker.java:128)
at java.base/java.util.concurrent.ThreadPoolExecutor.runWorker(ThreadPoolExecutor.java:1144)
at java.base/java.util.concurrent.ThreadPoolExecutor$Worker.run(ThreadPoolExecutor.java:642)
at java.base/java.lang.Thread.run(Thread.java:1582)
Caused by: org.openqa.selenium.NoSuchElementException: no such element: Unable to locate element: {"method":"xpath","selector":"//span[normalize-space()='Brand:']/ancestor::tr/td[3]//div[@class='v-label v-widget v-has-width']"}
  (Session info: chrome=137.0.7151.104)
For documentation on this error, please visit: https://www.seleniumhq.org/exceptions/no_such_element.html
Build info: version: '3.141.59', revision: 'e82be7d358', time: '2018-11-14T08:17:03'
System info: host: 'USNYMEQA7', ip: '10.80.78.48', os.name: 'Windows Server 2019', os.arch: 'amd64', os.version: '10.0', java.version: '22.0.2'
Driver info: org.openqa.selenium.chrome.ChromeDriver
Capabilities {acceptInsecureCerts: false, browserName: chrome, browserVersion: 137.0.7151.104, chrome: {chromedriverVersion: 136.0.7103.113 (76fa3c17824..., userDataDir: C:\Users\NISHIK~1.KUM\AppDa...}, fedcm:accounts: true, goog:chromeOptions: {debuggerAddress: localhost:54245}, javascriptEnabled: true, networkConnectionEnabled: false, pageLoadStrategy: normal, platform: WINDOWS, platformName: WINDOWS, proxy: Proxy(), setWindowRect: true, strictFileInteractability: false, timeouts: {implicit: 0, pageLoad: 300000, script: 30000}, unhandledPromptBehavior: dismiss and notify, webauthn:extension:credBlob: true, webauthn:extension:largeBlob: true, webauthn:extension:minPinLength: true, webauthn:extension:prf: true, webauthn:virtualAuthenticators: true}
Session ID: 52447375213e427247213b7715841a43
*** Element info: {Using=xpath, value=//span[normalize-space()='Brand:']/ancestor::tr/td[3]//div[@class='v-label v-widget v-has-width']}
at java.base/jdk.internal.reflect.DirectConstructorHandleAccessor.newInstance(DirectConstructorHandleAccessor.java:62)
at java.base/java.lang.reflect.Constructor.newInstanceWithCaller(Constructor.java:502)
at java.base/java.lang.reflect.Constructor.newInstance(Constructor.java:486)
at org.openqa.selenium.remote.http.W3CHttpResponseCodec.createException(W3CHttpResponseCodec.java:187)
at org.openqa.selenium.remote.http.W3CHttpResponseCodec.decode(W3CHttpResponseCodec.java:122)
at org.openqa.selenium.remote.http.W3CHttpResponseCodec.decode(W3CHttpResponseCodec.java:49)
at org.openqa.selenium.remote.HttpCommandExecutor.execute(HttpCommandExecutor.java:158)
at org.openqa.selenium.remote.service.DriverCommandExecutor.execute(DriverCommandExecutor.java:83)
at org.openqa.selenium.remote.RemoteWebDriver.execute(RemoteWebDriver.java:552)
at org.openqa.selenium.remote.RemoteWebDriver.findElement(RemoteWebDriver.java:323)
at org.openqa.selenium.remote.RemoteWebDriver.findElementByXPath(RemoteWebDriver.java:428)
at org.openqa.selenium.By$ByXPath.findElement(By.java:353)
at org.openqa.selenium.remote.RemoteWebDriver.findElement(RemoteWebDriver.java:315)
at org.openqa.selenium.support.ui.ExpectedConditions$7.apply(ExpectedConditions.java:205)
at org.openqa.selenium.support.ui.ExpectedConditions$7.apply(ExpectedConditions.java:201)
at org.openqa.selenium.support.ui.FluentWait.until(FluentWait.java:249)
... 17 more
]]>
            </full-stacktrace>
          </exception> <!-- org.openqa.selenium.TimeoutException -->
          <reporter-output>
          </reporter-output>
        </test-method> <!-- verify_localAttribute_changes_For_ZahnItem_updated_In_RespectiveTable -->
        <test-method is-config="true" signature="tearDown(org.testng.ITestResult)[pri:0, instance:com.pim.tests.localAttribute.LocalAttributeTest@e87e9a9c]" started-at="2025-06-16T02:16:39 EDT" name="tearDown" finished-at="2025-06-16T02:16:39 EDT" duration-ms="618" status="PASS">
          <params>
            <param index="0">
              <value>
                <![CDATA[[TestResult name=verify_localAttribute_changes_For_SpecialMarketItem_updated_In_RespectiveTable_Item status=FAILURE method=LocalAttributeTest.verify_localAttribute_changes_For_SpecialMarketItem_updated_In_RespectiveTable_Item(java.util.Map)[pri:0, instance:com.pim.tests.localAttribute.LocalAttributeTest@e87e9a9c] output={null}]]]>
              </value>
            </param>
          </params>
          <reporter-output>
          </reporter-output>
        </test-method> <!-- tearDown -->
        <test-method is-config="true" signature="tearDown(org.testng.ITestResult)[pri:0, instance:com.pim.tests.localAttribute.LocalAttributeTest@e87e9a9c]" started-at="2025-06-16T02:16:40 EDT" name="tearDown" finished-at="2025-06-16T02:16:41 EDT" duration-ms="656" status="PASS">
          <params>
            <param index="0">
              <value>
                <![CDATA[[TestResult name=verify_localAttribute_changes_For_Medical_Item_updated_In_RespectiveTable status=FAILURE method=LocalAttributeTest.verify_localAttribute_changes_For_Medical_Item_updated_In_RespectiveTable(java.util.Map)[pri:0, instance:com.pim.tests.localAttribute.LocalAttributeTest@e87e9a9c] output={null}]]]>
              </value>
            </param>
          </params>
          <reporter-output>
          </reporter-output>
        </test-method> <!-- tearDown -->
        <test-method is-config="true" signature="tearDown(org.testng.ITestResult)[pri:0, instance:com.pim.tests.localAttribute.LocalAttributeTest@e87e9a9c]" started-at="2025-06-16T02:18:47 EDT" name="tearDown" finished-at="2025-06-16T02:18:48 EDT" duration-ms="651" status="PASS">
          <params>
            <param index="0">
              <value>
                <![CDATA[[TestResult name=verify_localAttribute_changes_For_ZahnItem_updated_In_RespectiveTable status=FAILURE method=LocalAttributeTest.verify_localAttribute_changes_For_ZahnItem_updated_In_RespectiveTable(java.util.Map)[pri:0, instance:com.pim.tests.localAttribute.LocalAttributeTest@e87e9a9c] output={null}]]]>
              </value>
            </param>
          </params>
          <reporter-output>
          </reporter-output>
        </test-method> <!-- tearDown -->
        <test-method is-config="true" signature="testTearDown()[pri:0, instance:com.pim.tests.localAttribute.LocalAttributeTest@e87e9a9c]" started-at="2025-06-16T02:39:32 EDT" name="testTearDown" finished-at="2025-06-16T02:39:32 EDT" duration-ms="0" status="PASS">
          <reporter-output>
          </reporter-output>
        </test-method> <!-- testTearDown -->
        <test-method is-config="true" signature="suiteTearDown()[pri:0, instance:com.pim.tests.localAttribute.LocalAttributeTest@e87e9a9c]" started-at="2025-06-16T02:39:32 EDT" name="suiteTearDown" finished-at="2025-06-16T02:39:32 EDT" duration-ms="0" status="PASS">
          <reporter-output>
          </reporter-output>
        </test-method> <!-- suiteTearDown -->
      </class> <!-- com.pim.tests.localAttribute.LocalAttributeTest -->
      <class name="com.pim.tests.catalogtests.DentalCatalogTest">
        <test-method is-config="true" signature="setUp(java.lang.reflect.Method)[pri:0, instance:com.pim.tests.catalogtests.DentalCatalogTest@2ade1650]" started-at="2025-06-16T02:16:41 EDT" name="setUp" finished-at="2025-06-16T02:16:47 EDT" duration-ms="5174" status="PASS">
          <params>
            <param index="0">
              <value>
                <![CDATA[public void com.pim.tests.catalogtests.DentalCatalogTest.verify_rule_driven_for_dental_division(java.util.Map)]]>
              </value>
            </param>
          </params>
          <reporter-output>
          </reporter-output>
        </test-method> <!-- setUp -->
        <test-method signature="verify_rule_driven_for_dental_division(java.util.Map)[pri:0, instance:com.pim.tests.catalogtests.DentalCatalogTest@2ade1650]" started-at="2025-06-16T02:16:47 EDT" name="verify_rule_driven_for_dental_division" description="CATR_077, CATR_078, CATR_079, CATR_080, CATR_081, CATR_013 | Verifying Rule Driven catalog for Dental Division in US Master Catalog" data-provider="getCatalogData" finished-at="2025-06-16T02:26:39 EDT" duration-ms="592952" status="FAIL">
          <params>
            <param index="0">
              <value>
                <![CDATA[{Status=OK, ItemStatus=Active, userDriven=NSIC, RuleDriven=XDENTAL, ItemType=Items in US Catalog, AllCatalogtab=All Catalogs, Qualitystatustab=Quality status, TestCaseName=verify_rule_driven_for_dental_division, specialMarketCatalog=N/A, MasterCatalog=Master catalog, ReferenceType=None, CatalogType=US Catalog, ItemNumber=1000011, Qualitystatus=Catalog Rules, CatalogEntityRule=Global_Item_Message,Owner_Publish_Date_Change_Rule,Substitute_Exception_Rule,SubstitutionRule_Dental,SubstitutionRule_Medical,SubstitutionRule_SM,SubstitutionRule_Zahn,Consolidated_WebCatalog_Assignment_Dental,Consolidated_WebCatalog_Assignment_Medical,Consolidated_WebCatalog_Assignment_SM,Consolidated_WebCatalog_Assignment_Zahn,Divisional_Exception_Rule,Catalog_Copy_Rule,Assign_RuleDrivenCatalog_Dental,Assign_RuleDrivencatalog_Medical,Assign_RuleDrivencatalog_Zahn,Divisional_Item_Rule, Remarks=N/A, medicalCatalog=N/A, TabName=Dental Catalog, PublishFlag=N/A, ReferenceTab=None}]]>
              </value>
            </param>
          </params>
          <exception class="java.lang.AssertionError">
            <message>
              <![CDATA[
Expecting ArrayList:
  []
to contain:
  ["Global_Item_Message"]
but could not find the following element(s):
  ["Global_Item_Message"]
]]>
            </message>
            <full-stacktrace>
              <![CDATA[java.lang.AssertionError: 
Expecting ArrayList:
  []
to contain:
  ["Global_Item_Message"]
but could not find the following element(s):
  ["Global_Item_Message"]

at com.pim.tests.catalogtests.DentalCatalogTest.verify_rule_driven_for_dental_division(DentalCatalogTest.java:86)
at java.base/jdk.internal.reflect.DirectMethodHandleAccessor.invoke(DirectMethodHandleAccessor.java:103)
at java.base/java.lang.reflect.Method.invoke(Method.java:586)
at org.testng.internal.invokers.MethodInvocationHelper.invokeMethod(MethodInvocationHelper.java:139)
at org.testng.internal.invokers.TestInvoker.invokeMethod(TestInvoker.java:677)
at org.testng.internal.invokers.TestInvoker.invokeTestMethod(TestInvoker.java:221)
at org.testng.internal.invokers.MethodRunner.runInSequence(MethodRunner.java:50)
at org.testng.internal.invokers.TestInvoker$MethodInvocationAgent.invoke(TestInvoker.java:969)
at org.testng.internal.invokers.TestInvoker.invokeTestMethods(TestInvoker.java:194)
at org.testng.internal.invokers.TestMethodWorker.invokeTestMethods(TestMethodWorker.java:148)
at org.testng.internal.invokers.TestMethodWorker.run(TestMethodWorker.java:128)
at java.base/java.util.concurrent.ThreadPoolExecutor.runWorker(ThreadPoolExecutor.java:1144)
at java.base/java.util.concurrent.ThreadPoolExecutor$Worker.run(ThreadPoolExecutor.java:642)
at java.base/java.lang.Thread.run(Thread.java:1582)
]]>
            </full-stacktrace>
          </exception> <!-- java.lang.AssertionError -->
          <reporter-output>
          </reporter-output>
        </test-method> <!-- verify_rule_driven_for_dental_division -->
        <test-method is-config="true" signature="setUp(java.lang.reflect.Method)[pri:0, instance:com.pim.tests.catalogtests.DentalCatalogTest@2ade1650]" started-at="2025-06-16T02:18:48 EDT" name="setUp" finished-at="2025-06-16T02:18:52 EDT" duration-ms="3870" status="PASS">
          <params>
            <param index="0">
              <value>
                <![CDATA[public void com.pim.tests.catalogtests.DentalCatalogTest.verify_all_catalog_tabs_and_exception_list_for_dental_division(java.util.Map)]]>
              </value>
            </param>
          </params>
          <reporter-output>
          </reporter-output>
        </test-method> <!-- setUp -->
        <test-method signature="verify_all_catalog_tabs_and_exception_list_for_dental_division(java.util.Map)[pri:0, instance:com.pim.tests.catalogtests.DentalCatalogTest@2ade1650]" started-at="2025-06-16T02:18:52 EDT" name="verify_all_catalog_tabs_and_exception_list_for_dental_division" description="CATR_179 and CATR_180, CATR_132 | Verify All catalog tabs and exception lists for Dental Catalog list populates the catalogs with User, Rule Driven and excluding the Catalogs selected as Exception  For US" data-provider="getCatalogData" finished-at="2025-06-16T02:22:30 EDT" duration-ms="217985" status="PASS">
          <params>
            <param index="0">
              <value>
                <![CDATA[{Status=OK, ItemStatus=Active, userDriven=DENTAL, RuleDriven=XDENTAL, ItemType=Items in US Catalog, AllCatalogtab=All Catalogs, Qualitystatustab=Quality status, TestCaseName=verify_all_catalog_tabs_and_exception_list_for_dental_division, specialMarketCatalog=N/A, MasterCatalog=Master catalog, ReferenceType=None, CatalogType=US Catalog, ItemNumber=1000011, Qualitystatus=Catalog Rules, CatalogEntityRule=Assign_RuleDrivenCatalog_Dental,Assign_RuleDrivencatalog_Medical,Assign_RuleDrivencatalog_Zahn,Catalog_Copy_Rule, Remarks=N/A, medicalCatalog=N/A, TabName=Dental Catalog, PublishFlag=N/A, ReferenceTab=None}]]>
              </value>
            </param>
          </params>
          <reporter-output>
          </reporter-output>
        </test-method> <!-- verify_all_catalog_tabs_and_exception_list_for_dental_division -->
        <test-method is-config="true" signature="tearDown(org.testng.ITestResult)[pri:0, instance:com.pim.tests.catalogtests.DentalCatalogTest@2ade1650]" started-at="2025-06-16T02:22:30 EDT" name="tearDown" finished-at="2025-06-16T02:22:30 EDT" duration-ms="641" status="PASS">
          <params>
            <param index="0">
              <value>
                <![CDATA[[TestResult name=verify_all_catalog_tabs_and_exception_list_for_dental_division status=SUCCESS method=DentalCatalogTest.verify_all_catalog_tabs_and_exception_list_for_dental_division(java.util.Map)[pri:0, instance:com.pim.tests.catalogtests.DentalCatalogTest@2ade1650] output={null}]]]>
              </value>
            </param>
          </params>
          <reporter-output>
          </reporter-output>
        </test-method> <!-- tearDown -->
        <test-method is-config="true" signature="tearDown(org.testng.ITestResult)[pri:0, instance:com.pim.tests.catalogtests.DentalCatalogTest@2ade1650]" started-at="2025-06-16T02:26:40 EDT" name="tearDown" finished-at="2025-06-16T02:26:41 EDT" duration-ms="672" status="PASS">
          <params>
            <param index="0">
              <value>
                <![CDATA[[TestResult name=verify_rule_driven_for_dental_division status=FAILURE method=DentalCatalogTest.verify_rule_driven_for_dental_division(java.util.Map)[pri:0, instance:com.pim.tests.catalogtests.DentalCatalogTest@2ade1650] output={null}]]]>
              </value>
            </param>
          </params>
          <reporter-output>
          </reporter-output>
        </test-method> <!-- tearDown -->
        <test-method is-config="true" signature="setUp(java.lang.reflect.Method)[pri:0, instance:com.pim.tests.catalogtests.DentalCatalogTest@2ade1650]" started-at="2025-06-16T02:26:41 EDT" name="setUp" finished-at="2025-06-16T02:26:46 EDT" duration-ms="5118" status="PASS">
          <params>
            <param index="0">
              <value>
                <![CDATA[public void com.pim.tests.catalogtests.DentalCatalogTest.verify_rule_driven_for_dental_division(java.util.Map)]]>
              </value>
            </param>
          </params>
          <reporter-output>
          </reporter-output>
        </test-method> <!-- setUp -->
        <test-method signature="verify_rule_driven_for_dental_division(java.util.Map)[pri:0, instance:com.pim.tests.catalogtests.DentalCatalogTest@2ade1650]" started-at="2025-06-16T02:26:46 EDT" name="verify_rule_driven_for_dental_division" description="CATR_077, CATR_078, CATR_079, CATR_080, CATR_081, CATR_013 | Verifying Rule Driven catalog for Dental Division in US Master Catalog" data-provider="getCatalogData" finished-at="2025-06-16T02:29:38 EDT" duration-ms="172488" status="FAIL">
          <params>
            <param index="0">
              <value>
                <![CDATA[{Status=OK, ItemStatus=Active, userDriven=DENTAL,NSIC, RuleDriven=DEN_FSC, ItemType=Items in US Catalog, AllCatalogtab=All Catalogs, Qualitystatustab=Quality status, TestCaseName=verify_rule_driven_for_dental_division, specialMarketCatalog=N/A, MasterCatalog=Master catalog, ReferenceType=None, CatalogType=US Catalog, ItemNumber=1000024, Qualitystatus=Catalog Rules, CatalogEntityRule=Global_Item_Message,Owner_Publish_Date_Change_Rule,Substitute_Exception_Rule,SubstitutionRule_Dental,SubstitutionRule_Medical,SubstitutionRule_SM,SubstitutionRule_Zahn,Consolidated_WebCatalog_Assignment_Dental,Consolidated_WebCatalog_Assignment_Medical,Consolidated_WebCatalog_Assignment_SM,Consolidated_WebCatalog_Assignment_Zahn,Divisional_Exception_Rule,Catalog_Copy_Rule,Assign_RuleDrivenCatalog_Dental,Assign_RuleDrivencatalog_Medical,Assign_RuleDrivencatalog_Zahn,Divisional_Item_Rule, Remarks=N/A, medicalCatalog=N/A, TabName=Dental Catalog, PublishFlag=N/A, ReferenceTab=None}]]>
              </value>
            </param>
          </params>
          <exception class="org.openqa.selenium.TimeoutException">
            <message>
              <![CDATA[Expected condition failed: waiting for element to be clickable: By.xpath: //td[@class='gwt-MenuItem gwt-MenuItem-selected'] (tried for 60 second(s) with 500 milliseconds interval)]]>
            </message>
            <full-stacktrace>
              <![CDATA[org.openqa.selenium.TimeoutException: Expected condition failed: waiting for element to be clickable: By.xpath: //td[@class='gwt-MenuItem gwt-MenuItem-selected'] (tried for 60 second(s) with 500 milliseconds interval)
at org.openqa.selenium.support.ui.WebDriverWait.timeoutException(WebDriverWait.java:95)
at org.openqa.selenium.support.ui.FluentWait.until(FluentWait.java:272)
at com.pim.factories.ExplicitWaitFactory.performExplicitWait(ExplicitWaitFactory.java:23)
at com.pim.pages.BasePage.click(BasePage.java:48)
at com.pim.pages.CatalogTypePage.selectUserDriven(CatalogTypePage.java:101)
at com.pim.tests.catalogtests.DentalCatalogTest.verify_rule_driven_for_dental_division(DentalCatalogTest.java:76)
at java.base/jdk.internal.reflect.DirectMethodHandleAccessor.invoke(DirectMethodHandleAccessor.java:103)
at java.base/java.lang.reflect.Method.invoke(Method.java:586)
at org.testng.internal.invokers.MethodInvocationHelper.invokeMethod(MethodInvocationHelper.java:139)
at org.testng.internal.invokers.TestInvoker.invokeMethod(TestInvoker.java:677)
at org.testng.internal.invokers.TestInvoker.invokeTestMethod(TestInvoker.java:221)
at org.testng.internal.invokers.MethodRunner.runInSequence(MethodRunner.java:50)
at org.testng.internal.invokers.TestInvoker$MethodInvocationAgent.invoke(TestInvoker.java:969)
at org.testng.internal.invokers.TestInvoker.invokeTestMethods(TestInvoker.java:194)
at org.testng.internal.invokers.TestMethodWorker.invokeTestMethods(TestMethodWorker.java:148)
at org.testng.internal.invokers.TestMethodWorker.run(TestMethodWorker.java:128)
at java.base/java.util.concurrent.ThreadPoolExecutor.runWorker(ThreadPoolExecutor.java:1144)
at java.base/java.util.concurrent.ThreadPoolExecutor$Worker.run(ThreadPoolExecutor.java:642)
at java.base/java.lang.Thread.run(Thread.java:1582)
Caused by: org.openqa.selenium.NoSuchElementException: no such element: Unable to locate element: {"method":"xpath","selector":"//td[@class='gwt-MenuItem gwt-MenuItem-selected']"}
  (Session info: chrome=137.0.7151.104)
For documentation on this error, please visit: https://www.seleniumhq.org/exceptions/no_such_element.html
Build info: version: '3.141.59', revision: 'e82be7d358', time: '2018-11-14T08:17:03'
System info: host: 'USNYMEQA7', ip: '10.80.78.48', os.name: 'Windows Server 2019', os.arch: 'amd64', os.version: '10.0', java.version: '22.0.2'
Driver info: org.openqa.selenium.chrome.ChromeDriver
Capabilities {acceptInsecureCerts: false, browserName: chrome, browserVersion: 137.0.7151.104, chrome: {chromedriverVersion: 136.0.7103.113 (76fa3c17824..., userDataDir: C:\Users\NISHIK~1.KUM\AppDa...}, fedcm:accounts: true, goog:chromeOptions: {debuggerAddress: localhost:55033}, javascriptEnabled: true, networkConnectionEnabled: false, pageLoadStrategy: normal, platform: WINDOWS, platformName: WINDOWS, proxy: Proxy(), setWindowRect: true, strictFileInteractability: false, timeouts: {implicit: 0, pageLoad: 300000, script: 30000}, unhandledPromptBehavior: dismiss and notify, webauthn:extension:credBlob: true, webauthn:extension:largeBlob: true, webauthn:extension:minPinLength: true, webauthn:extension:prf: true, webauthn:virtualAuthenticators: true}
Session ID: eb31e358bcda89829cbdebf61384cea1
*** Element info: {Using=xpath, value=//td[@class='gwt-MenuItem gwt-MenuItem-selected']}
at java.base/jdk.internal.reflect.DirectConstructorHandleAccessor.newInstance(DirectConstructorHandleAccessor.java:62)
at java.base/java.lang.reflect.Constructor.newInstanceWithCaller(Constructor.java:502)
at java.base/java.lang.reflect.Constructor.newInstance(Constructor.java:486)
at org.openqa.selenium.remote.http.W3CHttpResponseCodec.createException(W3CHttpResponseCodec.java:187)
at org.openqa.selenium.remote.http.W3CHttpResponseCodec.decode(W3CHttpResponseCodec.java:122)
at org.openqa.selenium.remote.http.W3CHttpResponseCodec.decode(W3CHttpResponseCodec.java:49)
at org.openqa.selenium.remote.HttpCommandExecutor.execute(HttpCommandExecutor.java:158)
at org.openqa.selenium.remote.service.DriverCommandExecutor.execute(DriverCommandExecutor.java:83)
at org.openqa.selenium.remote.RemoteWebDriver.execute(RemoteWebDriver.java:552)
at org.openqa.selenium.remote.RemoteWebDriver.findElement(RemoteWebDriver.java:323)
at org.openqa.selenium.remote.RemoteWebDriver.findElementByXPath(RemoteWebDriver.java:428)
at org.openqa.selenium.By$ByXPath.findElement(By.java:353)
at org.openqa.selenium.remote.RemoteWebDriver.findElement(RemoteWebDriver.java:315)
at org.openqa.selenium.support.ui.ExpectedConditions$7.apply(ExpectedConditions.java:205)
at org.openqa.selenium.support.ui.ExpectedConditions$7.apply(ExpectedConditions.java:201)
at org.openqa.selenium.support.ui.ExpectedConditions$22.apply(ExpectedConditions.java:641)
at org.openqa.selenium.support.ui.ExpectedConditions$22.apply(ExpectedConditions.java:638)
at org.openqa.selenium.support.ui.FluentWait.until(FluentWait.java:249)
... 17 more
]]>
            </full-stacktrace>
          </exception> <!-- org.openqa.selenium.TimeoutException -->
          <reporter-output>
          </reporter-output>
        </test-method> <!-- verify_rule_driven_for_dental_division -->
        <test-method is-config="true" signature="tearDown(org.testng.ITestResult)[pri:0, instance:com.pim.tests.catalogtests.DentalCatalogTest@2ade1650]" started-at="2025-06-16T02:29:39 EDT" name="tearDown" finished-at="2025-06-16T02:29:40 EDT" duration-ms="625" status="PASS">
          <params>
            <param index="0">
              <value>
                <![CDATA[[TestResult name=verify_rule_driven_for_dental_division status=FAILURE method=DentalCatalogTest.verify_rule_driven_for_dental_division(java.util.Map)[pri:0, instance:com.pim.tests.catalogtests.DentalCatalogTest@2ade1650] output={null}]]]>
              </value>
            </param>
          </params>
          <reporter-output>
          </reporter-output>
        </test-method> <!-- tearDown -->
        <test-method is-config="true" signature="setUp(java.lang.reflect.Method)[pri:0, instance:com.pim.tests.catalogtests.DentalCatalogTest@2ade1650]" started-at="2025-06-16T02:29:40 EDT" name="setUp" finished-at="2025-06-16T02:29:42 EDT" duration-ms="2837" status="PASS">
          <params>
            <param index="0">
              <value>
                <![CDATA[public void com.pim.tests.catalogtests.DentalCatalogTest.verify_rule_driven_for_dental_division(java.util.Map)]]>
              </value>
            </param>
          </params>
          <reporter-output>
          </reporter-output>
        </test-method> <!-- setUp -->
        <test-method signature="verify_rule_driven_for_dental_division(java.util.Map)[pri:0, instance:com.pim.tests.catalogtests.DentalCatalogTest@2ade1650]" started-at="2025-06-16T02:29:42 EDT" name="verify_rule_driven_for_dental_division" description="CATR_077, CATR_078, CATR_079, CATR_080, CATR_081, CATR_013 | Verifying Rule Driven catalog for Dental Division in US Master Catalog" data-provider="getCatalogData" finished-at="2025-06-16T02:39:30 EDT" duration-ms="588127" status="FAIL">
          <params>
            <param index="0">
              <value>
                <![CDATA[{Status=OK, ItemStatus=Active, userDriven=DENTAL, RuleDriven=XDENTAL, ItemType=Items in US Catalog, AllCatalogtab=All Catalogs, Qualitystatustab=Quality status, TestCaseName=verify_rule_driven_for_dental_division, specialMarketCatalog=N/A, MasterCatalog=Master catalog, ReferenceType=None, CatalogType=US Catalog, ItemNumber=1000006, Qualitystatus=Catalog Rules, CatalogEntityRule=Global_Item_Message,Owner_Publish_Date_Change_Rule,Substitute_Exception_Rule,SubstitutionRule_Dental,SubstitutionRule_Medical,SubstitutionRule_SM,SubstitutionRule_Zahn,Consolidated_WebCatalog_Assignment_Dental,Consolidated_WebCatalog_Assignment_Medical,Consolidated_WebCatalog_Assignment_SM,Consolidated_WebCatalog_Assignment_Zahn,Divisional_Exception_Rule,Catalog_Copy_Rule,Assign_RuleDrivenCatalog_Dental,Assign_RuleDrivencatalog_Medical,Assign_RuleDrivencatalog_Zahn,Divisional_Item_Rule, Remarks=N/A, medicalCatalog=N/A, TabName=Dental Catalog, PublishFlag=N/A, ReferenceTab=None}]]>
              </value>
            </param>
          </params>
          <exception class="java.lang.AssertionError">
            <message>
              <![CDATA[
Expecting ArrayList:
  []
to contain:
  ["Global_Item_Message"]
but could not find the following element(s):
  ["Global_Item_Message"]
]]>
            </message>
            <full-stacktrace>
              <![CDATA[java.lang.AssertionError: 
Expecting ArrayList:
  []
to contain:
  ["Global_Item_Message"]
but could not find the following element(s):
  ["Global_Item_Message"]

at com.pim.tests.catalogtests.DentalCatalogTest.verify_rule_driven_for_dental_division(DentalCatalogTest.java:86)
at java.base/jdk.internal.reflect.DirectMethodHandleAccessor.invoke(DirectMethodHandleAccessor.java:103)
at java.base/java.lang.reflect.Method.invoke(Method.java:586)
at org.testng.internal.invokers.MethodInvocationHelper.invokeMethod(MethodInvocationHelper.java:139)
at org.testng.internal.invokers.TestInvoker.invokeMethod(TestInvoker.java:677)
at org.testng.internal.invokers.TestInvoker.invokeTestMethod(TestInvoker.java:221)
at org.testng.internal.invokers.MethodRunner.runInSequence(MethodRunner.java:50)
at org.testng.internal.invokers.TestInvoker$MethodInvocationAgent.invoke(TestInvoker.java:969)
at org.testng.internal.invokers.TestInvoker.invokeTestMethods(TestInvoker.java:194)
at org.testng.internal.invokers.TestMethodWorker.invokeTestMethods(TestMethodWorker.java:148)
at org.testng.internal.invokers.TestMethodWorker.run(TestMethodWorker.java:128)
at java.base/java.util.concurrent.ThreadPoolExecutor.runWorker(ThreadPoolExecutor.java:1144)
at java.base/java.util.concurrent.ThreadPoolExecutor$Worker.run(ThreadPoolExecutor.java:642)
at java.base/java.lang.Thread.run(Thread.java:1582)
]]>
            </full-stacktrace>
          </exception> <!-- java.lang.AssertionError -->
          <reporter-output>
          </reporter-output>
        </test-method> <!-- verify_rule_driven_for_dental_division -->
        <test-method is-config="true" signature="tearDown(org.testng.ITestResult)[pri:0, instance:com.pim.tests.catalogtests.DentalCatalogTest@2ade1650]" started-at="2025-06-16T02:39:31 EDT" name="tearDown" finished-at="2025-06-16T02:39:32 EDT" duration-ms="625" status="PASS">
          <params>
            <param index="0">
              <value>
                <![CDATA[[TestResult name=verify_rule_driven_for_dental_division status=FAILURE method=DentalCatalogTest.verify_rule_driven_for_dental_division(java.util.Map)[pri:0, instance:com.pim.tests.catalogtests.DentalCatalogTest@2ade1650] output={null}]]]>
              </value>
            </param>
          </params>
          <reporter-output>
          </reporter-output>
        </test-method> <!-- tearDown -->
      </class> <!-- com.pim.tests.catalogtests.DentalCatalogTest -->
    </test> <!-- Prerequisite Test -->
  </suite> <!-- PIM Automation -->
</testng-results>
