<?xml version="1.0" encoding="UTF-8"?>
<!-- Generated by org.testng.reporters.JUnitXMLReporter -->
<testsuite ignored="47" hostname="USNYMEQA7" failures="7" tests="9" name="Prerequisite Test" time="1644.739" errors="0" timestamp="2025-06-16T02:39:32 EDT">
  <testcase classname="com.pim.tests.localAttribute.LocalAttributeTest" name="verify_localAttribute_changes_For_DentalItem_updated_In_RespectiveTable" time="181.062"/>
  <testcase classname="com.pim.tests.localAttribute.LocalAttributeTest" name="verify_localAttribute_changes_For_SpecialMarketItem_updated_In_RespectiveTable_Item" time="262.865">
    <failure type="org.openqa.selenium.TimeoutException" message="Expected condition failed: waiting for visibility of element located by By.xpath: //span[normalize-space()=&amp;apos;Brand:&amp;apos;]/ancestor::tr/td[3]//div[@class=&amp;apos;v-label v-widget v-has-width&amp;apos;] (tried for 60 second(s) with 500 milliseconds interval)">
      <![CDATA[org.openqa.selenium.TimeoutException: Expected condition failed: waiting for visibility of element located by By.xpath: //span[normalize-space()='Brand:']/ancestor::tr/td[3]//div[@class='v-label v-widget v-has-width'] (tried for 60 second(s) with 500 milliseconds interval)
at org.openqa.selenium.support.ui.WebDriverWait.timeoutException(WebDriverWait.java:95)
at org.openqa.selenium.support.ui.FluentWait.until(FluentWait.java:272)
at com.pim.factories.ExplicitWaitFactory.performExplicitWait(ExplicitWaitFactory.java:29)
at com.pim.pages.BasePage.sendKeys(BasePage.java:62)
at com.pim.pages.LocalAttributePage.brandFieldAttribute(LocalAttributePage.java:330)
at com.pim.tests.localAttribute.LocalAttributeTest.verify_localAttribute_changes_For_SpecialMarketItem_updated_In_RespectiveTable_Item(LocalAttributeTest.java:614)
at java.base/java.util.concurrent.ThreadPoolExecutor.runWorker(ThreadPoolExecutor.java:1144)
at java.base/java.util.concurrent.ThreadPoolExecutor$Worker.run(ThreadPoolExecutor.java:642)
at java.base/java.lang.Thread.run(Thread.java:1582)
Caused by: org.openqa.selenium.NoSuchElementException: no such element: Unable to locate element: {"method":"xpath","selector":"//span[normalize-space()='Brand:']/ancestor::tr/td[3]//div[@class='v-label v-widget v-has-width']"}
  (Session info: chrome=137.0.7151.104)
For documentation on this error, please visit: https://www.seleniumhq.org/exceptions/no_such_element.html
Build info: version: '3.141.59', revision: 'e82be7d358', time: '2018-11-14T08:17:03'
System info: host: 'USNYMEQA7', ip: '10.80.78.48', os.name: 'Windows Server 2019', os.arch: 'amd64', os.version: '10.0', java.version: '22.0.2'
Driver info: org.openqa.selenium.chrome.ChromeDriver
Capabilities {acceptInsecureCerts: false, browserName: chrome, browserVersion: 137.0.7151.104, chrome: {chromedriverVersion: 136.0.7103.113 (76fa3c17824..., userDataDir: C:\Users\NISHIK~1.KUM\AppDa...}, fedcm:accounts: true, goog:chromeOptions: {debuggerAddress: localhost:53978}, javascriptEnabled: true, networkConnectionEnabled: false, pageLoadStrategy: normal, platform: WINDOWS, platformName: WINDOWS, proxy: Proxy(), setWindowRect: true, strictFileInteractability: false, timeouts: {implicit: 0, pageLoad: 300000, script: 30000}, unhandledPromptBehavior: dismiss and notify, webauthn:extension:credBlob: true, webauthn:extension:largeBlob: true, webauthn:extension:minPinLength: true, webauthn:extension:prf: true, webauthn:virtualAuthenticators: true}
Session ID: b9a168f10def2fe9571e3b340b7e81c2
*** Element info: {Using=xpath, value=//span[normalize-space()='Brand:']/ancestor::tr/td[3]//div[@class='v-label v-widget v-has-width']}
at org.openqa.selenium.remote.http.W3CHttpResponseCodec.createException(W3CHttpResponseCodec.java:187)
at org.openqa.selenium.remote.http.W3CHttpResponseCodec.decode(W3CHttpResponseCodec.java:122)
at org.openqa.selenium.remote.http.W3CHttpResponseCodec.decode(W3CHttpResponseCodec.java:49)
at org.openqa.selenium.remote.HttpCommandExecutor.execute(HttpCommandExecutor.java:158)
at org.openqa.selenium.remote.service.DriverCommandExecutor.execute(DriverCommandExecutor.java:83)
at org.openqa.selenium.remote.RemoteWebDriver.execute(RemoteWebDriver.java:552)
at org.openqa.selenium.remote.RemoteWebDriver.findElement(RemoteWebDriver.java:323)
at org.openqa.selenium.remote.RemoteWebDriver.findElementByXPath(RemoteWebDriver.java:428)
at org.openqa.selenium.By$ByXPath.findElement(By.java:353)
at org.openqa.selenium.remote.RemoteWebDriver.findElement(RemoteWebDriver.java:315)
at org.openqa.selenium.support.ui.ExpectedConditions$7.apply(ExpectedConditions.java:205)
at org.openqa.selenium.support.ui.ExpectedConditions$7.apply(ExpectedConditions.java:201)
at org.openqa.selenium.support.ui.FluentWait.until(FluentWait.java:249)
... 17 more
... Removed 13 stack frames]]>
    </failure>
  </testcase> <!-- verify_localAttribute_changes_For_SpecialMarketItem_updated_In_RespectiveTable_Item -->
  <testcase classname="com.pim.tests.localAttribute.LocalAttributeTest" name="verify_localAttribute_changes_For_Medical_Item_updated_In_RespectiveTable" time="263.838">
    <failure type="org.openqa.selenium.TimeoutException" message="Expected condition failed: waiting for visibility of element located by By.xpath: //span[normalize-space()=&amp;apos;Brand:&amp;apos;]/ancestor::tr/td[3]//div[@class=&amp;apos;v-label v-widget v-has-width&amp;apos;] (tried for 60 second(s) with 500 milliseconds interval)">
      <![CDATA[org.openqa.selenium.TimeoutException: Expected condition failed: waiting for visibility of element located by By.xpath: //span[normalize-space()='Brand:']/ancestor::tr/td[3]//div[@class='v-label v-widget v-has-width'] (tried for 60 second(s) with 500 milliseconds interval)
at org.openqa.selenium.support.ui.WebDriverWait.timeoutException(WebDriverWait.java:95)
at org.openqa.selenium.support.ui.FluentWait.until(FluentWait.java:272)
at com.pim.factories.ExplicitWaitFactory.performExplicitWait(ExplicitWaitFactory.java:29)
at com.pim.pages.BasePage.sendKeys(BasePage.java:62)
at com.pim.pages.LocalAttributePage.brandFieldAttribute(LocalAttributePage.java:330)
at com.pim.tests.localAttribute.LocalAttributeTest.verify_localAttribute_changes_For_Medical_Item_updated_In_RespectiveTable(LocalAttributeTest.java:574)
at java.base/java.util.concurrent.ThreadPoolExecutor.runWorker(ThreadPoolExecutor.java:1144)
at java.base/java.util.concurrent.ThreadPoolExecutor$Worker.run(ThreadPoolExecutor.java:642)
at java.base/java.lang.Thread.run(Thread.java:1582)
Caused by: org.openqa.selenium.NoSuchElementException: no such element: Unable to locate element: {"method":"xpath","selector":"//span[normalize-space()='Brand:']/ancestor::tr/td[3]//div[@class='v-label v-widget v-has-width']"}
  (Session info: chrome=137.0.7151.104)
For documentation on this error, please visit: https://www.seleniumhq.org/exceptions/no_such_element.html
Build info: version: '3.141.59', revision: 'e82be7d358', time: '2018-11-14T08:17:03'
System info: host: 'USNYMEQA7', ip: '10.80.78.48', os.name: 'Windows Server 2019', os.arch: 'amd64', os.version: '10.0', java.version: '22.0.2'
Driver info: org.openqa.selenium.chrome.ChromeDriver
Capabilities {acceptInsecureCerts: false, browserName: chrome, browserVersion: 137.0.7151.104, chrome: {chromedriverVersion: 136.0.7103.113 (76fa3c17824..., userDataDir: C:\Users\NISHIK~1.KUM\AppDa...}, fedcm:accounts: true, goog:chromeOptions: {debuggerAddress: localhost:53976}, javascriptEnabled: true, networkConnectionEnabled: false, pageLoadStrategy: normal, platform: WINDOWS, platformName: WINDOWS, proxy: Proxy(), setWindowRect: true, strictFileInteractability: false, timeouts: {implicit: 0, pageLoad: 300000, script: 30000}, unhandledPromptBehavior: dismiss and notify, webauthn:extension:credBlob: true, webauthn:extension:largeBlob: true, webauthn:extension:minPinLength: true, webauthn:extension:prf: true, webauthn:virtualAuthenticators: true}
Session ID: 0c4aa264c9dc861bde3d4610a1980aad
*** Element info: {Using=xpath, value=//span[normalize-space()='Brand:']/ancestor::tr/td[3]//div[@class='v-label v-widget v-has-width']}
at org.openqa.selenium.remote.http.W3CHttpResponseCodec.createException(W3CHttpResponseCodec.java:187)
at org.openqa.selenium.remote.http.W3CHttpResponseCodec.decode(W3CHttpResponseCodec.java:122)
at org.openqa.selenium.remote.http.W3CHttpResponseCodec.decode(W3CHttpResponseCodec.java:49)
at org.openqa.selenium.remote.HttpCommandExecutor.execute(HttpCommandExecutor.java:158)
at org.openqa.selenium.remote.service.DriverCommandExecutor.execute(DriverCommandExecutor.java:83)
at org.openqa.selenium.remote.RemoteWebDriver.execute(RemoteWebDriver.java:552)
at org.openqa.selenium.remote.RemoteWebDriver.findElement(RemoteWebDriver.java:323)
at org.openqa.selenium.remote.RemoteWebDriver.findElementByXPath(RemoteWebDriver.java:428)
at org.openqa.selenium.By$ByXPath.findElement(By.java:353)
at org.openqa.selenium.remote.RemoteWebDriver.findElement(RemoteWebDriver.java:315)
at org.openqa.selenium.support.ui.ExpectedConditions$7.apply(ExpectedConditions.java:205)
at org.openqa.selenium.support.ui.ExpectedConditions$7.apply(ExpectedConditions.java:201)
at org.openqa.selenium.support.ui.FluentWait.until(FluentWait.java:249)
... 17 more
... Removed 13 stack frames]]>
    </failure>
  </testcase> <!-- verify_localAttribute_changes_For_Medical_Item_updated_In_RespectiveTable -->
  <testcase classname="com.pim.tests.localAttribute.LocalAttributeTest" name="verify_localAttribute_changes_For_ZahnItem_updated_In_RespectiveTable" time="202.731">
    <failure type="org.openqa.selenium.TimeoutException" message="Expected condition failed: waiting for visibility of element located by By.xpath: //span[normalize-space()=&amp;apos;Brand:&amp;apos;]/ancestor::tr/td[3]//div[@class=&amp;apos;v-label v-widget v-has-width&amp;apos;] (tried for 60 second(s) with 500 milliseconds interval)">
      <![CDATA[org.openqa.selenium.TimeoutException: Expected condition failed: waiting for visibility of element located by By.xpath: //span[normalize-space()='Brand:']/ancestor::tr/td[3]//div[@class='v-label v-widget v-has-width'] (tried for 60 second(s) with 500 milliseconds interval)
at org.openqa.selenium.support.ui.WebDriverWait.timeoutException(WebDriverWait.java:95)
at org.openqa.selenium.support.ui.FluentWait.until(FluentWait.java:272)
at com.pim.factories.ExplicitWaitFactory.performExplicitWait(ExplicitWaitFactory.java:29)
at com.pim.pages.BasePage.sendKeys(BasePage.java:62)
at com.pim.pages.LocalAttributePage.brandFieldAttribute(LocalAttributePage.java:330)
at com.pim.tests.localAttribute.LocalAttributeTest.verify_localAttribute_changes_For_ZahnItem_updated_In_RespectiveTable(LocalAttributeTest.java:648)
at java.base/java.util.concurrent.ThreadPoolExecutor.runWorker(ThreadPoolExecutor.java:1144)
at java.base/java.util.concurrent.ThreadPoolExecutor$Worker.run(ThreadPoolExecutor.java:642)
at java.base/java.lang.Thread.run(Thread.java:1582)
Caused by: org.openqa.selenium.NoSuchElementException: no such element: Unable to locate element: {"method":"xpath","selector":"//span[normalize-space()='Brand:']/ancestor::tr/td[3]//div[@class='v-label v-widget v-has-width']"}
  (Session info: chrome=137.0.7151.104)
For documentation on this error, please visit: https://www.seleniumhq.org/exceptions/no_such_element.html
Build info: version: '3.141.59', revision: 'e82be7d358', time: '2018-11-14T08:17:03'
System info: host: 'USNYMEQA7', ip: '10.80.78.48', os.name: 'Windows Server 2019', os.arch: 'amd64', os.version: '10.0', java.version: '22.0.2'
Driver info: org.openqa.selenium.chrome.ChromeDriver
Capabilities {acceptInsecureCerts: false, browserName: chrome, browserVersion: 137.0.7151.104, chrome: {chromedriverVersion: 136.0.7103.113 (76fa3c17824..., userDataDir: C:\Users\NISHIK~1.KUM\AppDa...}, fedcm:accounts: true, goog:chromeOptions: {debuggerAddress: localhost:54245}, javascriptEnabled: true, networkConnectionEnabled: false, pageLoadStrategy: normal, platform: WINDOWS, platformName: WINDOWS, proxy: Proxy(), setWindowRect: true, strictFileInteractability: false, timeouts: {implicit: 0, pageLoad: 300000, script: 30000}, unhandledPromptBehavior: dismiss and notify, webauthn:extension:credBlob: true, webauthn:extension:largeBlob: true, webauthn:extension:minPinLength: true, webauthn:extension:prf: true, webauthn:virtualAuthenticators: true}
Session ID: 52447375213e427247213b7715841a43
*** Element info: {Using=xpath, value=//span[normalize-space()='Brand:']/ancestor::tr/td[3]//div[@class='v-label v-widget v-has-width']}
at org.openqa.selenium.remote.http.W3CHttpResponseCodec.createException(W3CHttpResponseCodec.java:187)
at org.openqa.selenium.remote.http.W3CHttpResponseCodec.decode(W3CHttpResponseCodec.java:122)
at org.openqa.selenium.remote.http.W3CHttpResponseCodec.decode(W3CHttpResponseCodec.java:49)
at org.openqa.selenium.remote.HttpCommandExecutor.execute(HttpCommandExecutor.java:158)
at org.openqa.selenium.remote.service.DriverCommandExecutor.execute(DriverCommandExecutor.java:83)
at org.openqa.selenium.remote.RemoteWebDriver.execute(RemoteWebDriver.java:552)
at org.openqa.selenium.remote.RemoteWebDriver.findElement(RemoteWebDriver.java:323)
at org.openqa.selenium.remote.RemoteWebDriver.findElementByXPath(RemoteWebDriver.java:428)
at org.openqa.selenium.By$ByXPath.findElement(By.java:353)
at org.openqa.selenium.remote.RemoteWebDriver.findElement(RemoteWebDriver.java:315)
at org.openqa.selenium.support.ui.ExpectedConditions$7.apply(ExpectedConditions.java:205)
at org.openqa.selenium.support.ui.ExpectedConditions$7.apply(ExpectedConditions.java:201)
at org.openqa.selenium.support.ui.FluentWait.until(FluentWait.java:249)
... 17 more
... Removed 13 stack frames]]>
    </failure>
  </testcase> <!-- verify_localAttribute_changes_For_ZahnItem_updated_In_RespectiveTable -->
  <testcase classname="com.pim.tests.webDescriptionTests.GEP_WebDescriptionTest" name="updationOfGEPWebDescriptionAfterUpdationOfLocalAttributeParameterForUS" time="183.962">
    <failure type="org.openqa.selenium.TimeoutException" message="Expected condition failed: waiting for element to be clickable: By.xpath: //span[normalize-space()=&amp;apos;Item:&amp;apos;]/ancestor::tr/td[3]//div[@class=&amp;apos;v-filterselect-button&amp;apos;] (tried for 60 second(s) with 500 milliseconds interval)">
      <![CDATA[org.openqa.selenium.TimeoutException: Expected condition failed: waiting for element to be clickable: By.xpath: //span[normalize-space()='Item:']/ancestor::tr/td[3]//div[@class='v-filterselect-button'] (tried for 60 second(s) with 500 milliseconds interval)
at org.openqa.selenium.support.ui.WebDriverWait.timeoutException(WebDriverWait.java:95)
at org.openqa.selenium.support.ui.FluentWait.until(FluentWait.java:272)
at com.pim.factories.ExplicitWaitFactory.performExplicitWait(ExplicitWaitFactory.java:23)
at com.pim.pages.BasePage.click(BasePage.java:48)
at com.pim.pages.LocalAttributePage.itemFieldAttributeChange(LocalAttributePage.java:457)
at com.pim.tests.webDescriptionTests.GEP_WebDescriptionTest.updationOfGEPWebDescriptionAfterUpdationOfLocalAttributeParameterForUS(GEP_WebDescriptionTest.java:107)
at java.base/java.util.concurrent.ThreadPoolExecutor.runWorker(ThreadPoolExecutor.java:1144)
at java.base/java.util.concurrent.ThreadPoolExecutor$Worker.run(ThreadPoolExecutor.java:642)
at java.base/java.lang.Thread.run(Thread.java:1582)
Caused by: org.openqa.selenium.NoSuchElementException: no such element: Unable to locate element: {"method":"xpath","selector":"//span[normalize-space()='Item:']/ancestor::tr/td[3]//div[@class='v-filterselect-button']"}
  (Session info: chrome=137.0.7151.104)
For documentation on this error, please visit: https://www.seleniumhq.org/exceptions/no_such_element.html
Build info: version: '3.141.59', revision: 'e82be7d358', time: '2018-11-14T08:17:03'
System info: host: 'USNYMEQA7', ip: '10.80.78.48', os.name: 'Windows Server 2019', os.arch: 'amd64', os.version: '10.0', java.version: '22.0.2'
Driver info: org.openqa.selenium.chrome.ChromeDriver
Capabilities {acceptInsecureCerts: false, browserName: chrome, browserVersion: 137.0.7151.104, chrome: {chromedriverVersion: 136.0.7103.113 (76fa3c17824..., userDataDir: C:\Users\NISHIK~1.KUM\AppDa...}, fedcm:accounts: true, goog:chromeOptions: {debuggerAddress: localhost:54361}, javascriptEnabled: true, networkConnectionEnabled: false, pageLoadStrategy: normal, platform: WINDOWS, platformName: WINDOWS, proxy: Proxy(), setWindowRect: true, strictFileInteractability: false, timeouts: {implicit: 0, pageLoad: 300000, script: 30000}, unhandledPromptBehavior: dismiss and notify, webauthn:extension:credBlob: true, webauthn:extension:largeBlob: true, webauthn:extension:minPinLength: true, webauthn:extension:prf: true, webauthn:virtualAuthenticators: true}
Session ID: 761be5e8a93a6c9d5d4f285c8b659e01
*** Element info: {Using=xpath, value=//span[normalize-space()='Item:']/ancestor::tr/td[3]//div[@class='v-filterselect-button']}
at org.openqa.selenium.remote.http.W3CHttpResponseCodec.createException(W3CHttpResponseCodec.java:187)
at org.openqa.selenium.remote.http.W3CHttpResponseCodec.decode(W3CHttpResponseCodec.java:122)
at org.openqa.selenium.remote.http.W3CHttpResponseCodec.decode(W3CHttpResponseCodec.java:49)
at org.openqa.selenium.remote.HttpCommandExecutor.execute(HttpCommandExecutor.java:158)
at org.openqa.selenium.remote.service.DriverCommandExecutor.execute(DriverCommandExecutor.java:83)
at org.openqa.selenium.remote.RemoteWebDriver.execute(RemoteWebDriver.java:552)
at org.openqa.selenium.remote.RemoteWebDriver.findElement(RemoteWebDriver.java:323)
at org.openqa.selenium.remote.RemoteWebDriver.findElementByXPath(RemoteWebDriver.java:428)
at org.openqa.selenium.By$ByXPath.findElement(By.java:353)
at org.openqa.selenium.remote.RemoteWebDriver.findElement(RemoteWebDriver.java:315)
at org.openqa.selenium.support.ui.ExpectedConditions$7.apply(ExpectedConditions.java:205)
at org.openqa.selenium.support.ui.ExpectedConditions$7.apply(ExpectedConditions.java:201)
at org.openqa.selenium.support.ui.ExpectedConditions$22.apply(ExpectedConditions.java:641)
at org.openqa.selenium.support.ui.ExpectedConditions$22.apply(ExpectedConditions.java:638)
at org.openqa.selenium.support.ui.FluentWait.until(FluentWait.java:249)
... 17 more
... Removed 13 stack frames]]>
    </failure>
  </testcase> <!-- updationOfGEPWebDescriptionAfterUpdationOfLocalAttributeParameterForUS -->
  <testcase classname="com.pim.tests.catalogtests.DentalCatalogTest" name="verify_all_catalog_tabs_and_exception_list_for_dental_division" time="217.985"/>
  <testcase classname="com.pim.tests.catalogtests.DentalCatalogTest" name="verify_rule_driven_for_dental_division" time="592.952">
    <failure type="java.lang.AssertionError" message="
Expecting ArrayList:
  []
to contain:
  [&amp;quot;Global_Item_Message&amp;quot;]
but could not find the following element(s):
  [&amp;quot;Global_Item_Message&amp;quot;]
">
      <![CDATA[java.lang.AssertionError: 
Expecting ArrayList:
  []
to contain:
  ["Global_Item_Message"]
but could not find the following element(s):
  ["Global_Item_Message"]

at com.pim.tests.catalogtests.DentalCatalogTest.verify_rule_driven_for_dental_division(DentalCatalogTest.java:86)
at java.base/java.util.concurrent.ThreadPoolExecutor.runWorker(ThreadPoolExecutor.java:1144)
at java.base/java.util.concurrent.ThreadPoolExecutor$Worker.run(ThreadPoolExecutor.java:642)
at java.base/java.lang.Thread.run(Thread.java:1582)
... Removed 10 stack frames]]>
    </failure>
  </testcase> <!-- verify_rule_driven_for_dental_division -->
  <testcase classname="com.pim.tests.catalogtests.DentalCatalogTest" name="verify_rule_driven_for_dental_division" time="172.488">
    <failure type="org.openqa.selenium.TimeoutException" message="Expected condition failed: waiting for element to be clickable: By.xpath: //td[@class=&amp;apos;gwt-MenuItem gwt-MenuItem-selected&amp;apos;] (tried for 60 second(s) with 500 milliseconds interval)">
      <![CDATA[org.openqa.selenium.TimeoutException: Expected condition failed: waiting for element to be clickable: By.xpath: //td[@class='gwt-MenuItem gwt-MenuItem-selected'] (tried for 60 second(s) with 500 milliseconds interval)
at org.openqa.selenium.support.ui.WebDriverWait.timeoutException(WebDriverWait.java:95)
at org.openqa.selenium.support.ui.FluentWait.until(FluentWait.java:272)
at com.pim.factories.ExplicitWaitFactory.performExplicitWait(ExplicitWaitFactory.java:23)
at com.pim.pages.BasePage.click(BasePage.java:48)
at com.pim.pages.CatalogTypePage.selectUserDriven(CatalogTypePage.java:101)
at com.pim.tests.catalogtests.DentalCatalogTest.verify_rule_driven_for_dental_division(DentalCatalogTest.java:76)
at java.base/java.util.concurrent.ThreadPoolExecutor.runWorker(ThreadPoolExecutor.java:1144)
at java.base/java.util.concurrent.ThreadPoolExecutor$Worker.run(ThreadPoolExecutor.java:642)
at java.base/java.lang.Thread.run(Thread.java:1582)
Caused by: org.openqa.selenium.NoSuchElementException: no such element: Unable to locate element: {"method":"xpath","selector":"//td[@class='gwt-MenuItem gwt-MenuItem-selected']"}
  (Session info: chrome=137.0.7151.104)
For documentation on this error, please visit: https://www.seleniumhq.org/exceptions/no_such_element.html
Build info: version: '3.141.59', revision: 'e82be7d358', time: '2018-11-14T08:17:03'
System info: host: 'USNYMEQA7', ip: '10.80.78.48', os.name: 'Windows Server 2019', os.arch: 'amd64', os.version: '10.0', java.version: '22.0.2'
Driver info: org.openqa.selenium.chrome.ChromeDriver
Capabilities {acceptInsecureCerts: false, browserName: chrome, browserVersion: 137.0.7151.104, chrome: {chromedriverVersion: 136.0.7103.113 (76fa3c17824..., userDataDir: C:\Users\NISHIK~1.KUM\AppDa...}, fedcm:accounts: true, goog:chromeOptions: {debuggerAddress: localhost:55033}, javascriptEnabled: true, networkConnectionEnabled: false, pageLoadStrategy: normal, platform: WINDOWS, platformName: WINDOWS, proxy: Proxy(), setWindowRect: true, strictFileInteractability: false, timeouts: {implicit: 0, pageLoad: 300000, script: 30000}, unhandledPromptBehavior: dismiss and notify, webauthn:extension:credBlob: true, webauthn:extension:largeBlob: true, webauthn:extension:minPinLength: true, webauthn:extension:prf: true, webauthn:virtualAuthenticators: true}
Session ID: eb31e358bcda89829cbdebf61384cea1
*** Element info: {Using=xpath, value=//td[@class='gwt-MenuItem gwt-MenuItem-selected']}
at org.openqa.selenium.remote.http.W3CHttpResponseCodec.createException(W3CHttpResponseCodec.java:187)
at org.openqa.selenium.remote.http.W3CHttpResponseCodec.decode(W3CHttpResponseCodec.java:122)
at org.openqa.selenium.remote.http.W3CHttpResponseCodec.decode(W3CHttpResponseCodec.java:49)
at org.openqa.selenium.remote.HttpCommandExecutor.execute(HttpCommandExecutor.java:158)
at org.openqa.selenium.remote.service.DriverCommandExecutor.execute(DriverCommandExecutor.java:83)
at org.openqa.selenium.remote.RemoteWebDriver.execute(RemoteWebDriver.java:552)
at org.openqa.selenium.remote.RemoteWebDriver.findElement(RemoteWebDriver.java:323)
at org.openqa.selenium.remote.RemoteWebDriver.findElementByXPath(RemoteWebDriver.java:428)
at org.openqa.selenium.By$ByXPath.findElement(By.java:353)
at org.openqa.selenium.remote.RemoteWebDriver.findElement(RemoteWebDriver.java:315)
at org.openqa.selenium.support.ui.ExpectedConditions$7.apply(ExpectedConditions.java:205)
at org.openqa.selenium.support.ui.ExpectedConditions$7.apply(ExpectedConditions.java:201)
at org.openqa.selenium.support.ui.ExpectedConditions$22.apply(ExpectedConditions.java:641)
at org.openqa.selenium.support.ui.ExpectedConditions$22.apply(ExpectedConditions.java:638)
at org.openqa.selenium.support.ui.FluentWait.until(FluentWait.java:249)
... 17 more
... Removed 13 stack frames]]>
    </failure>
  </testcase> <!-- verify_rule_driven_for_dental_division -->
  <testcase classname="com.pim.tests.catalogtests.DentalCatalogTest" name="verify_rule_driven_for_dental_division" time="588.127">
    <failure type="java.lang.AssertionError" message="
Expecting ArrayList:
  []
to contain:
  [&amp;quot;Global_Item_Message&amp;quot;]
but could not find the following element(s):
  [&amp;quot;Global_Item_Message&amp;quot;]
">
      <![CDATA[java.lang.AssertionError: 
Expecting ArrayList:
  []
to contain:
  ["Global_Item_Message"]
but could not find the following element(s):
  ["Global_Item_Message"]

at com.pim.tests.catalogtests.DentalCatalogTest.verify_rule_driven_for_dental_division(DentalCatalogTest.java:86)
at java.base/java.util.concurrent.ThreadPoolExecutor.runWorker(ThreadPoolExecutor.java:1144)
at java.base/java.util.concurrent.ThreadPoolExecutor$Worker.run(ThreadPoolExecutor.java:642)
at java.base/java.lang.Thread.run(Thread.java:1582)
... Removed 10 stack frames]]>
    </failure>
  </testcase> <!-- verify_rule_driven_for_dental_division -->
  <testcase classname="com.pim.tests.catalogtests.DentalCatalogTest" name="verify_all_catalog_tabs_and_exception_list_for_dental_division_CA" time="0.0">
    <ignored/>
  </testcase> <!-- verify_all_catalog_tabs_and_exception_list_for_dental_division_CA -->
  <testcase classname="com.pim.tests.BaseTest" name="@AfterTest testTearDown" time="0.0">
    <ignored/>
  </testcase> <!-- @AfterTest testTearDown -->
  <testcase classname="com.pim.tests.catalogtests.DentalCatalogTest" name="verify_quality_status_when_change_publish_date_and_flag_for_CA_dental_division" time="0.0">
    <ignored/>
  </testcase> <!-- verify_quality_status_when_change_publish_date_and_flag_for_CA_dental_division -->
  <testcase classname="com.pim.tests.BaseTest" name="@BeforeSuite setupSuite" time="0.0">
    <ignored/>
  </testcase> <!-- @BeforeSuite setupSuite -->
  <testcase classname="com.pim.tests.localAttribute.LocalAttributeTest" name="Verify_Adding_Mandatory_Field_Local_Attribute_Passed_For_US" time="0.0">
    <ignored/>
  </testcase> <!-- Verify_Adding_Mandatory_Field_Local_Attribute_Passed_For_US -->
  <testcase classname="com.pim.tests.localAttribute.LocalAttributeTest" name="Verify_Adding_Mandatory_Field_Local_Attribute_Passed_For_CA" time="0.0">
    <ignored/>
  </testcase> <!-- Verify_Adding_Mandatory_Field_Local_Attribute_Passed_For_CA -->
  <testcase classname="com.pim.tests.catalogtests.DentalCatalogTest" name="verify_catalog_assigned_item_displays_in_database" time="0.0">
    <ignored/>
  </testcase> <!-- verify_catalog_assigned_item_displays_in_database -->
  <testcase classname="com.pim.tests.localAttribute.LocalAttributeTest" name="Verify_UI_Validation_For_Quantity_Field_in_Local_Attribute" time="0.0">
    <ignored/>
  </testcase> <!-- Verify_UI_Validation_For_Quantity_Field_in_Local_Attribute -->
  <testcase classname="com.pim.tests.webDescriptionTests.GEP_WebDescriptionTest" name="chekingFullDisplayDescriptionFormationIsFollowingIDQDescRuleForCA" time="0.0">
    <ignored/>
  </testcase> <!-- chekingFullDisplayDescriptionFormationIsFollowingIDQDescRuleForCA -->
  <testcase classname="com.pim.tests.webDescriptionTests.GEP_WebDescriptionTest" name="chekingFullDisplayDescriptionFormationIsFollowingIDQDescRuleForUS" time="0.0">
    <ignored/>
  </testcase> <!-- chekingFullDisplayDescriptionFormationIsFollowingIDQDescRuleForUS -->
  <testcase classname="com.pim.tests.BaseTest" name="@AfterSuite suiteTearDown" time="0.0">
    <ignored/>
  </testcase> <!-- @AfterSuite suiteTearDown -->
  <testcase classname="com.pim.tests.BaseTest" name="@BeforeTest testSetUp" time="0.0">
    <ignored/>
  </testcase> <!-- @BeforeTest testSetUp -->
  <testcase classname="com.pim.tests.localAttribute.LocalAttributeTest" name="verify_the_ItemChanges_In_PIM_reflected_In_Middleware_DB_Test" time="0.0">
    <ignored/>
  </testcase> <!-- verify_the_ItemChanges_In_PIM_reflected_In_Middleware_DB_Test -->
  <testcase classname="com.pim.tests.BaseTest" name="@BeforeTest testSetUp" time="0.0">
    <ignored/>
  </testcase> <!-- @BeforeTest testSetUp -->
  <testcase classname="com.pim.tests.webDescriptionTests.GEP_WebDescriptionTest" name="chekingAbbreviatedDisplayDescriptionFormationIsFollowingIDQDescRuleForUS" time="0.0">
    <ignored/>
  </testcase> <!-- chekingAbbreviatedDisplayDescriptionFormationIsFollowingIDQDescRuleForUS -->
  <testcase classname="com.pim.tests.webDescriptionTests.GEP_WebDescriptionTest" name="chekingAbbreviatedDisplayDescriptionFormationIsFollowingIDQDescRuleForCA" time="0.0">
    <ignored/>
  </testcase> <!-- chekingAbbreviatedDisplayDescriptionFormationIsFollowingIDQDescRuleForCA -->
  <testcase classname="com.pim.tests.webDescriptionTests.GEP_WebDescriptionTest" name="AllFieldsCheckTestForUS" time="0.0">
    <ignored/>
  </testcase> <!-- AllFieldsCheckTestForUS -->
  <testcase classname="com.pim.tests.BaseTest" name="@AfterSuite suiteTearDown" time="0.0">
    <ignored/>
  </testcase> <!-- @AfterSuite suiteTearDown -->
  <testcase classname="com.pim.tests.BaseTest" name="@BeforeSuite setupSuite" time="0.0">
    <ignored/>
  </testcase> <!-- @BeforeSuite setupSuite -->
  <testcase classname="com.pim.tests.catalogtests.DentalCatalogTest" name="Verify_if_AED_FSC_gets_removed_from_user_driven_list_if_Dental_is_chosen_in_user_driven_catalog_list_of_dental_division_CATR_219" time="0.0">
    <ignored/>
  </testcase> <!-- Verify_if_AED_FSC_gets_removed_from_user_driven_list_if_Dental_is_chosen_in_user_driven_catalog_list_of_dental_division_CATR_219 -->
  <testcase classname="com.pim.tests.catalogtests.DentalCatalogTest" name="verify_publish_flag_should_updated_as_NO_in_Dental_division_for_US" time="0.0">
    <ignored/>
  </testcase> <!-- verify_publish_flag_should_updated_as_NO_in_Dental_division_for_US -->
  <testcase classname="com.pim.tests.catalogtests.DentalCatalogTest" name="verify_publish_flag_should_updated_as_NO_in_Dental_division_for_CA" time="0.0">
    <ignored/>
  </testcase> <!-- verify_publish_flag_should_updated_as_NO_in_Dental_division_for_CA -->
  <testcase classname="com.pim.tests.webDescriptionTests.GEP_WebDescriptionTest" name="chekingUpdationInLocalAttributeDoesNotUpdateGEPWDInCaseOfMandatoryLocalAttributeFailureForUS" time="0.0">
    <ignored/>
  </testcase> <!-- chekingUpdationInLocalAttributeDoesNotUpdateGEPWDInCaseOfMandatoryLocalAttributeFailureForUS -->
  <testcase classname="com.pim.tests.webDescriptionTests.GEP_WebDescriptionTest" name="chekingUpdationInLocalAttributeDoesNotUpdateGEPWDInCaseOfMandatoryLocalAttributeFailureForCA" time="0.0">
    <ignored/>
  </testcase> <!-- chekingUpdationInLocalAttributeDoesNotUpdateGEPWDInCaseOfMandatoryLocalAttributeFailureForCA -->
  <testcase classname="com.pim.tests.catalogtests.DentalCatalogTest" name="verify_publish_flag_should_updated_as_Yes_in_Dental_division_for_CA" time="0.0">
    <ignored/>
  </testcase> <!-- verify_publish_flag_should_updated_as_Yes_in_Dental_division_for_CA -->
  <testcase classname="com.pim.tests.catalogtests.DentalCatalogTest" name="verify_publish_flag_should_updated_as_Yes_in_Dental_division_for_US" time="0.0">
    <ignored/>
  </testcase> <!-- verify_publish_flag_should_updated_as_Yes_in_Dental_division_for_US -->
  <testcase classname="com.pim.tests.webDescriptionTests.GEP_WebDescriptionTest" name="updationOfGEPWebDescriptionAfterUpdationOfLocalAttributeParameterForCA" time="0.0">
    <ignored/>
  </testcase> <!-- updationOfGEPWebDescriptionAfterUpdationOfLocalAttributeParameterForCA -->
  <testcase classname="com.pim.tests.catalogtests.DentalCatalogTest" name="verify_publish_date_changed_by_dental_division_for_CA" time="0.0">
    <ignored/>
  </testcase> <!-- verify_publish_date_changed_by_dental_division_for_CA -->
  <testcase classname="com.pim.tests.catalogtests.DentalCatalogTest" name="verify_publish_flag_should_yes_and_publish_date_should_be_future_US_for_Dental_division" time="0.0">
    <ignored/>
  </testcase> <!-- verify_publish_flag_should_yes_and_publish_date_should_be_future_US_for_Dental_division -->
  <testcase classname="com.pim.tests.catalogtests.DentalCatalogTest" name="verify_publish_date_changed_by_dental_division_for_US" time="0.0">
    <ignored/>
  </testcase> <!-- verify_publish_date_changed_by_dental_division_for_US -->
  <testcase classname="com.pim.tests.catalogtests.DentalCatalogTest" name="verify_quality_status_when_change_publish_date_and_flag_for_US_dental_division" time="0.0">
    <ignored/>
  </testcase> <!-- verify_quality_status_when_change_publish_date_and_flag_for_US_dental_division -->
  <testcase classname="com.pim.tests.catalogtests.DentalCatalogTest" name="UI_validation_Dental_catalog_In_US" time="0.0">
    <ignored/>
  </testcase> <!-- UI_validation_Dental_catalog_In_US -->
  <testcase classname="com.pim.tests.catalogtests.DentalCatalogTest" name="verify_publish_flag_and_date_update_in_respective_column" time="0.0">
    <ignored/>
  </testcase> <!-- verify_publish_flag_and_date_update_in_respective_column -->
  <testcase classname="com.pim.tests.catalogtests.DentalCatalogTest" name="verify_publish_flag_should_yes_and_publish_date_should_be_future_CA_for_Dental_division" time="0.0">
    <ignored/>
  </testcase> <!-- verify_publish_flag_should_yes_and_publish_date_should_be_future_CA_for_Dental_division -->
  <testcase classname="com.pim.tests.webDescriptionTests.GEP_WebDescriptionTest" name="AllFieldsCheckTestForCA" time="0.0">
    <ignored/>
  </testcase> <!-- AllFieldsCheckTestForCA -->
  <testcase classname="com.pim.tests.BaseTest" name="@AfterTest testTearDown" time="0.0">
    <ignored/>
  </testcase> <!-- @AfterTest testTearDown -->
  <testcase classname="com.pim.tests.webDescriptionTests.GEP_WebDescriptionTest" name="chekingLookAheadSearchDescriptionFormationIsFollowingIDQDescRuleForUS" time="0.0">
    <ignored/>
  </testcase> <!-- chekingLookAheadSearchDescriptionFormationIsFollowingIDQDescRuleForUS -->
  <testcase classname="com.pim.tests.catalogtests.DentalCatalogTest" name="verify_publish_date_and_flag_should_updated_when_item_loaded_from_pix_to_pim" time="0.0">
    <ignored/>
  </testcase> <!-- verify_publish_date_and_flag_should_updated_when_item_loaded_from_pix_to_pim -->
  <testcase classname="com.pim.tests.localAttribute.LocalAttributeTest" name="Verify_Removing_Mandatory_Field_And_Adding_Mandatory_Field_In_Local_Attribute_For_US" time="0.0">
    <ignored/>
  </testcase> <!-- Verify_Removing_Mandatory_Field_And_Adding_Mandatory_Field_In_Local_Attribute_For_US -->
  <testcase classname="com.pim.tests.localAttribute.LocalAttributeTest" name="Verify_Removing_Mandatory_Field_And_Adding_Mandatory_Field_In_Local_Attribute_For_CA" time="0.0">
    <ignored/>
  </testcase> <!-- Verify_Removing_Mandatory_Field_And_Adding_Mandatory_Field_In_Local_Attribute_For_CA -->
  <testcase classname="com.pim.tests.catalogtests.DentalCatalogTest" name="verify_publish_date_not_update_for_medical_when_changed_in_dental_for_US" time="0.0">
    <ignored/>
  </testcase> <!-- verify_publish_date_not_update_for_medical_when_changed_in_dental_for_US -->
  <testcase classname="com.pim.tests.catalogtests.DentalCatalogTest" name="verify_publish_date_not_update_for_medical_when_changed_in_dental_for_CA" time="0.0">
    <ignored/>
  </testcase> <!-- verify_publish_date_not_update_for_medical_when_changed_in_dental_for_CA -->
  <testcase classname="com.pim.tests.catalogtests.DentalCatalogTest" name="UI_validation_Dental_catalog_In_CA" time="0.0">
    <ignored/>
  </testcase> <!-- UI_validation_Dental_catalog_In_CA -->
  <testcase classname="com.pim.tests.localAttribute.LocalAttributeTest" name="Verify_Removing_Mandatory_Field_Local_Attribute_Failed_For_US" time="0.0">
    <ignored/>
  </testcase> <!-- Verify_Removing_Mandatory_Field_Local_Attribute_Failed_For_US -->
  <testcase classname="com.pim.tests.webDescriptionTests.GEP_WebDescriptionTest" name="chekingLookAheadSearchDescriptionFormationIsFollowingIDQDescRuleForCA" time="0.0">
    <ignored/>
  </testcase> <!-- chekingLookAheadSearchDescriptionFormationIsFollowingIDQDescRuleForCA -->
  <testcase classname="com.pim.tests.localAttribute.LocalAttributeTest" name="Verify_Removing_Mandatory_Field_Local_Attribute_Failed_For_CA" time="0.0">
    <ignored/>
  </testcase> <!-- Verify_Removing_Mandatory_Field_Local_Attribute_Failed_For_CA -->
  <testcase classname="com.pim.tests.catalogtests.DentalCatalogTest" name="verify_rule_driven_for_dental_division_CA" time="0.0">
    <ignored/>
  </testcase> <!-- verify_rule_driven_for_dental_division_CA -->
</testsuite> <!-- Prerequisite Test -->
